<?xml version="1.0" encoding="UTF-8"?>
<!-- Generated by org.testng.reporters.JUnitXMLReporter -->
<testsuite ignored="0" hostname="kartheeswari-pc" failures="1" tests="1" name="Command line test" time="0.152" errors="0" timestamp="2021-03-31T16:34:49 IST">
  <testcase classname="HospitalPortalFlow.myTest" name="launch" time="0.122">
    <failure type="java.lang.NullPointerException" message="No options to construct executor from">
      <![CDATA[java.lang.NullPointerException: No options to construct executor from
at java.base/java.util.Objects.requireNonNull(Objects.java:246)
at org.openqa.selenium.firefox.FirefoxDriver.toExecutor(FirefoxDriver.java:172)
at org.openqa.selenium.firefox.FirefoxDriver.<init>(FirefoxDriver.java:147)
at HospitalPortalFlow.myTest.launch(myTest.java:114)
at java.base/java.util.ArrayList.forEach(ArrayList.java:1541)
... Removed 36 stack frames]]>
    </failure>
  </testcase> <!-- launch -->
</testsuite> <!-- Command line test -->
