<?xml version="1.0" encoding="UTF-8"?>
<testsuite xmlns:xsi="http://www.w3.org/2001/XMLSchema-instance" xsi:noNamespaceSchemaLocation="https://maven.apache.org/surefire/maven-surefire-plugin/xsd/surefire-test-report-3.0.xsd" version="3.0" name="TestSuite" time="60.769" tests="6" errors="0" skipped="5" failures="1">
  <properties>
[...]
</properties>
  <testcase name="launch" classname="HospitalPortalFlow.Query" time="60.084">
    <failure message="Failed to decode response from marionette&#10;Build info: version: &apos;3.141.59&apos;, revision: &apos;e82be7d358&apos;, time: &apos;2018-11-14T08:17:03&apos;&#10;System info: host: &apos;KARTHEESWARI-PC&apos;, ip: &apos;192.168.0.4&apos;, os.name: &apos;Windows 10&apos;, os.arch: &apos;amd64&apos;, os.version: &apos;10.0&apos;, java.version: &apos;11.0.10&apos;&#10;Driver info: org.openqa.selenium.firefox.FirefoxDriver&#10;Capabilities {acceptInsecureCerts: true, browserName: firefox, browserVersion: 86.0.1, javascriptEnabled: true, moz:accessibilityChecks: false, moz:buildID: 20210310152336, moz:geckodriverVersion: 0.29.0, moz:headless: false, moz:processID: 14756, moz:profile: C:\Users\Ajith\AppData\Loca..., moz:shutdownTimeout: 60000, moz:useNonSpecCompliantPointerOrigin: false, moz:webdriverClick: true, pageLoadStrategy: normal, platform: WINDOWS, platformName: WINDOWS, platformVersion: 10.0, rotatable: false, setWindowRect: true, strictFileInteractability: false, timeouts: {implicit: 0, pageLoad: 300000, script: 30000}, unhandledPromptBehavior: dismiss and notify}&#10;Session ID: 699f455e-ae6f-456f-92fa-910accf8362e&#10;*** Element info: {Using=id, value=username}" type="org.openqa.selenium.WebDriverException"><![CDATA[org.openqa.selenium.WebDriverException: 
Failed to decode response from marionette
Build info: version: '3.141.59', revision: 'e82be7d358', time: '2018-11-14T08:17:03'
System info: host: 'KARTHEESWARI-PC', ip: '192.168.0.4', os.name: 'Windows 10', os.arch: 'amd64', os.version: '10.0', java.version: '11.0.10'
Driver info: org.openqa.selenium.firefox.FirefoxDriver
Capabilities {acceptInsecureCerts: true, browserName: firefox, browserVersion: 86.0.1, javascriptEnabled: true, moz:accessibilityChecks: false, moz:buildID: 20210310152336, moz:geckodriverVersion: 0.29.0, moz:headless: false, moz:processID: 14756, moz:profile: C:\Users\Ajith\AppData\Loca..., moz:shutdownTimeout: 60000, moz:useNonSpecCompliantPointerOrigin: false, moz:webdriverClick: true, pageLoadStrategy: normal, platform: WINDOWS, platformName: WINDOWS, platformVersion: 10.0, rotatable: false, setWindowRect: true, strictFileInteractability: false, timeouts: {implicit: 0, pageLoad: 300000, script: 30000}, unhandledPromptBehavior: dismiss and notify}
Session ID: 699f455e-ae6f-456f-92fa-910accf8362e
*** Element info: {Using=id, value=username}
	at HospitalPortalFlow.Query.launch(Query.java:119)
]]></failure>
    <system-err><![CDATA[1617381829961	geckodriver	INFO	Listening on 127.0.0.1:43278
1617381830500	mozrunner::runner	INFO	Running command: "C:\\Program Files\\Mozilla Firefox\\firefox.exe" "--marionette" "-foreground" "-no-remote" "-profile" "C:\\Users\\Ajith\\AppData\\Local\\Temp\\rust_mozprofileoHRNU3"
[Parent 14756, IPC I/O Parent] WARNING: file /builds/worker/checkouts/gecko/ipc/chromium/src/base/process_util_win.cc:167
console.warn: SearchSettings: "get: No settings file exists, new profile?" (new Error("", "(unknown module)"))
1617381874268	Marionette	INFO	Listening on port 59412
1617381874992	Marionette	WARN	TLS certificate errors will be ignored for this session
Apr 02, 2021 10:14:35 PM org.openqa.selenium.remote.ProtocolHandshake createSession
INFO: Detected dialect: W3C
JavaScript error: resource://activity-stream/lib/ASRouter.jsm, line 988: NS_ERROR_ILLEGAL_VALUE: Component returned failure code: 0x80070057 (NS_ERROR_ILLEGAL_VALUE) [nsIObserverService.removeObserver]
[Parent 14756, IPC I/O Parent] WARNING: file /builds/worker/checkouts/gecko/ipc/chromium/src/base/process_util_win.cc:167
1617381887514	Marionette	INFO	Stopped listening on port 59412

###!!! [Child][RunMessage] Error: Channel closing: too late to send/recv, messages will be lost

]]></system-err>
  </testcase>
  <testcase name="reply[Maximus, 200014328P, Kindly provide Confirm final diagnosis from treating doctor with Investigation reports to support the diagnosis., Image, , Yes, Kindly provide Confirm final diagnosis from treating doctor with Investigation reports to support the diagnosis., Document, E:\Doc upload sample\Supported_format\New folder\Report Page - Field level validation sheet.xlsx, Yes, Kindly provide Confirm final diagnosis from treating doctor with Investigation reports to support the diagnosis., , , No, Kindly provide Confirm final diagnosis from treating doctor with Investigation reports to support the diagnosis., , , No, Kindly provide Confirm final diagnosis from treating doctor with Investigation reports to support the diagnosis., , , No, Kindly provide Confirm final diagnosis from treating doctor with Investigation reports to support the diagnosis., Image, , No, Kindly provide Confirm final diagnosis from treating doctor with Investigation reports to support the diagnosis., Image, , No](1)" classname="HospitalPortalFlow.Query" time="0">
    <skipped message="Failed to decode response from marionette&#10;Build info: version: &apos;3.141.59&apos;, revision: &apos;e82be7d358&apos;, time: &apos;2018-11-14T08:17:03&apos;&#10;System info: host: &apos;KARTHEESWARI-PC&apos;, ip: &apos;192.168.0.4&apos;, os.name: &apos;Windows 10&apos;, os.arch: &apos;amd64&apos;, os.version: &apos;10.0&apos;, java.version: &apos;11.0.10&apos;&#10;Driver info: org.openqa.selenium.firefox.FirefoxDriver&#10;Capabilities {acceptInsecureCerts: true, browserName: firefox, browserVersion: 86.0.1, javascriptEnabled: true, moz:accessibilityChecks: false, moz:buildID: 20210310152336, moz:geckodriverVersion: 0.29.0, moz:headless: false, moz:processID: 14756, moz:profile: C:\Users\Ajith\AppData\Loca..., moz:shutdownTimeout: 60000, moz:useNonSpecCompliantPointerOrigin: false, moz:webdriverClick: true, pageLoadStrategy: normal, platform: WINDOWS, platformName: WINDOWS, platformVersion: 10.0, rotatable: false, setWindowRect: true, strictFileInteractability: false, timeouts: {implicit: 0, pageLoad: 300000, script: 30000}, unhandledPromptBehavior: dismiss and notify}&#10;Session ID: 699f455e-ae6f-456f-92fa-910accf8362e&#10;*** Element info: {Using=id, value=username}"/>
    <system-out><![CDATA[3
30
Maximus
200014328P
Kindly provide Confirm final diagnosis from treating doctor with Investigation reports to support the diagnosis.
Image

Yes
Kindly provide Confirm final diagnosis from treating doctor with Investigation reports to support the diagnosis.
Document
E:\Doc upload sample\Supported_format\New folder\Report Page - Field level validation sheet.xlsx
Yes
Kindly provide Confirm final diagnosis from treating doctor with Investigation reports to support the diagnosis.


No
Kindly provide Confirm final diagnosis from treating doctor with Investigation reports to support the diagnosis.


No
Kindly provide Confirm final diagnosis from treating doctor with Investigation reports to support the diagnosis.


No
Kindly provide Confirm final diagnosis from treating doctor with Investigation reports to support the diagnosis.
Image

No
Kindly provide Confirm final diagnosis from treating doctor with Investigation reports to support the diagnosis.
Image

No
Opus
210000237P
Kindly provide Confirm final diagnosis from treating doctor with Investigation reports to support the diagnosis.
Document
E:\Doc upload sample\Supported_format\New folder\Report Page - Field level validation sheet.xlsx
Yes
Kindly provide Confirm final diagnosis from treating doctor with Investigation reports to support the diagnosis.
Document
E:\Doc upload sample\Supported_format\New folder\Report Page - Field level validation sheet.xlsx
Yes
Kindly provide Confirm final diagnosis from treating doctor with Investigation reports to support the diagnosis.


No
Kindly provide Confirm final diagnosis from treating doctor with Investigation reports to support the diagnosis.


No
Kindly provide Confirm final diagnosis from treating doctor with Investigation reports to support the diagnosis.


No
Kindly provide Confirm final diagnosis from treating doctor with Investigation reports to support the diagnosis.
Image

No
Kindly provide Confirm final diagnosis from treating doctor with Investigation reports to support the diagnosis.
Image

Yes
]]></system-out>
  </testcase>
  <testcase name="screen" classname="HospitalPortalFlow.Query" time="0">
    <skipped/>
  </testcase>
  <testcase name="screen" classname="HospitalPortalFlow.Query" time="0">
    <skipped/>
  </testcase>
  <testcase name="reply[Opus, 210000237P, Kindly provide Confirm final diagnosis from treating doctor with Investigation reports to support the diagnosis., Document, E:\Doc upload sample\Supported_format\New folder\Report Page - Field level validation sheet.xlsx, Yes, Kindly provide Confirm final diagnosis from treating doctor with Investigation reports to support the diagnosis., Document, E:\Doc upload sample\Supported_format\New folder\Report Page - Field level validation sheet.xlsx, Yes, Kindly provide Confirm final diagnosis from treating doctor with Investigation reports to support the diagnosis., , , No, Kindly provide Confirm final diagnosis from treating doctor with Investigation reports to support the diagnosis., , , No, Kindly provide Confirm final diagnosis from treating doctor with Investigation reports to support the diagnosis., , , No, Kindly provide Confirm final diagnosis from treating doctor with Investigation reports to support the diagnosis., Image, , No, Kindly provide Confirm final diagnosis from treating doctor with Investigation reports to support the diagnosis., Image, , Yes](2)" classname="HospitalPortalFlow.Query" time="0">
    <skipped message="Failed to decode response from marionette&#10;Build info: version: &apos;3.141.59&apos;, revision: &apos;e82be7d358&apos;, time: &apos;2018-11-14T08:17:03&apos;&#10;System info: host: &apos;KARTHEESWARI-PC&apos;, ip: &apos;192.168.0.4&apos;, os.name: &apos;Windows 10&apos;, os.arch: &apos;amd64&apos;, os.version: &apos;10.0&apos;, java.version: &apos;11.0.10&apos;&#10;Driver info: org.openqa.selenium.firefox.FirefoxDriver&#10;Capabilities {acceptInsecureCerts: true, browserName: firefox, browserVersion: 86.0.1, javascriptEnabled: true, moz:accessibilityChecks: false, moz:buildID: 20210310152336, moz:geckodriverVersion: 0.29.0, moz:headless: false, moz:processID: 14756, moz:profile: C:\Users\Ajith\AppData\Loca..., moz:shutdownTimeout: 60000, moz:useNonSpecCompliantPointerOrigin: false, moz:webdriverClick: true, pageLoadStrategy: normal, platform: WINDOWS, platformName: WINDOWS, platformVersion: 10.0, rotatable: false, setWindowRect: true, strictFileInteractability: false, timeouts: {implicit: 0, pageLoad: 300000, script: 30000}, unhandledPromptBehavior: dismiss and notify}&#10;Session ID: 699f455e-ae6f-456f-92fa-910accf8362e&#10;*** Element info: {Using=id, value=username}"/>
  </testcase>
  <testcase name="close" classname="HospitalPortalFlow.Query" time="0">
    <skipped/>
  </testcase>
</testsuite>