<?xml version="1.0" encoding="UTF-8"?>
<testng-results ignored="2" total="13" passed="0" failed="3" skipped="8">
  <reporter-output>
  </reporter-output>
  <suite started-at="2021-04-06T19:47:55 IST" name="Suite" finished-at="2021-04-06T19:48:09 IST" duration-ms="14038">
    <groups>
    </groups>
    <test started-at="2021-04-06T19:47:55 IST" name="Test" finished-at="2021-04-06T19:48:09 IST" duration-ms="14038">
      <class name="HospitalPortalFlow.new_Patient_Creation">
        <test-method is-config="true" signature="Extent()[pri:0, instance:HospitalPortalFlow.new_Patient_Creation@55a147cc]" started-at="2021-04-06T19:47:55 IST" name="Extent" finished-at="2021-04-06T19:47:55 IST" duration-ms="0" status="PASS">
          <reporter-output>
          </reporter-output>
        </test-method> <!-- Extent -->
        <test-method signature="fill_data(java.lang.String,java.lang.String,java.lang.String,java.lang.String,java.lang.String,java.lang.String,java.lang.String,java.lang.String,java.lang.String,java.lang.String,java.lang.String,java.lang.String,java.lang.String,java.lang.String,java.lang.String,java.lang.String,java.lang.String,java.lang.String,java.lang.String,java.lang.String,java.lang.String)[pri:1, instance:HospitalPortalFlow.new_Patient_Creation@55a147cc]" started-at="2021-04-06T19:48:06 IST" name="fill_data" data-provider="datapass" finished-at="2021-04-06T19:48:09 IST" duration-ms="3010" status="FAIL">
          <params>
            <param index="0">
              <value>
                <![CDATA[Maximus]]>
              </value>
            </param>
            <param index="1">
              <value>
                <![CDATA[valid]]>
              </value>
            </param>
            <param index="2">
              <value>
                <![CDATA[]]>
              </value>
            </param>
            <param index="3">
              <value>
                <![CDATA[]]>
              </value>
            </param>
            <param index="4">
              <value>
                <![CDATA[]]>
              </value>
            </param>
            <param index="5">
              <value>
                <![CDATA[]]>
              </value>
            </param>
            <param index="6">
              <value>
                <![CDATA[21-187895100-1]]>
              </value>
            </param>
            <param index="7">
              <value>
                <![CDATA[22/03/2020 11:52 AM]]>
              </value>
            </param>
            <param index="8">
              <value>
                <![CDATA[24/04/2020]]>
              </value>
            </param>
            <param index="9">
              <value>
                <![CDATA[222]]>
              </value>
            </param>
            <param index="10">
              <value>
                <![CDATA[300]]>
              </value>
            </param>
            <param index="11">
              <value>
                <![CDATA[Fever]]>
              </value>
            </param>
            <param index="12">
              <value>
                <![CDATA[9876543210]]>
              </value>
            </param>
            <param index="13">
              <value>
                <![CDATA[9876543210]]>
              </value>
            </param>
            <param index="14">
              <value>
                <![CDATA[Test]]>
              </value>
            </param>
            <param index="15">
              <value>
                <![CDATA[Other]]>
              </value>
            </param>
            <param index="16">
              <value>
                <![CDATA[Test]]>
              </value>
            </param>
            <param index="17">
              <value>
                <![CDATA[test@berijam.com]]>
              </value>
            </param>
            <param index="18">
              <value>
                <![CDATA[C:\Users\Ajith\Documents\Notes\feb 4.txt]]>
              </value>
            </param>
            <param index="19">
              <value>
                <![CDATA[Passport,Health ID card,Investigation reports,Aadhar Card,Driving Licence,PAN Card]]>
              </value>
            </param>
            <param index="20">
              <value>
                <![CDATA[image,C:\Users\Ajith\Downloads\INV-CASHLESS-21000031 (1).pdf,E:\Doc upload sample\New folder\Report Page - Field level validation sheet.xls,E:\Doc upload sample\New folder\HP4.xls,E:\Doc upload sample\New folder\Report Page - Field level validation sheet.xlsx,E:\Doc upload sample\New folder\1.sent back by qc2.jpg]]>
              </value>
            </param>
          </params>
          <exception class="java.lang.NullPointerException">
            <full-stacktrace>
              <![CDATA[java.lang.NullPointerException
at pageObjectModel.NewPatientFields.new_patient_tab(NewPatientFields.java:16)
at HospitalPortalFlow.new_Patient_Creation.fill_data(new_Patient_Creation.java:133)
at java.base/jdk.internal.reflect.NativeMethodAccessorImpl.invoke0(Native Method)
at java.base/jdk.internal.reflect.NativeMethodAccessorImpl.invoke(NativeMethodAccessorImpl.java:62)
at java.base/jdk.internal.reflect.DelegatingMethodAccessorImpl.invoke(DelegatingMethodAccessorImpl.java:43)
at java.base/java.lang.reflect.Method.invoke(Method.java:566)
at org.testng.internal.MethodInvocationHelper.invokeMethod(MethodInvocationHelper.java:133)
at org.testng.internal.TestInvoker.invokeMethod(TestInvoker.java:598)
at org.testng.internal.TestInvoker.invokeTestMethod(TestInvoker.java:173)
at org.testng.internal.MethodRunner.runInSequence(MethodRunner.java:46)
at org.testng.internal.TestInvoker$MethodInvocationAgent.invoke(TestInvoker.java:824)
at org.testng.internal.TestInvoker.invokeTestMethods(TestInvoker.java:146)
at org.testng.internal.TestMethodWorker.invokeTestMethods(TestMethodWorker.java:146)
at org.testng.internal.TestMethodWorker.run(TestMethodWorker.java:128)
at java.base/java.util.ArrayList.forEach(ArrayList.java:1541)
at org.testng.TestRunner.privateRun(TestRunner.java:794)
at org.testng.TestRunner.run(TestRunner.java:596)
at org.testng.SuiteRunner.runTest(SuiteRunner.java:377)
at org.testng.SuiteRunner.runSequentially(SuiteRunner.java:371)
at org.testng.SuiteRunner.privateRun(SuiteRunner.java:332)
at org.testng.SuiteRunner.run(SuiteRunner.java:276)
at org.testng.SuiteRunnerWorker.runSuite(SuiteRunnerWorker.java:53)
at org.testng.SuiteRunnerWorker.run(SuiteRunnerWorker.java:96)
at org.testng.TestNG.runSuitesSequentially(TestNG.java:1212)
at org.testng.TestNG.runSuitesLocally(TestNG.java:1134)
at org.testng.TestNG.runSuites(TestNG.java:1063)
at org.testng.TestNG.run(TestNG.java:1031)
at org.testng.remote.AbstractRemoteTestNG.run(AbstractRemoteTestNG.java:115)
at org.testng.remote.RemoteTestNG.initAndRun(RemoteTestNG.java:251)
at org.testng.remote.RemoteTestNG.main(RemoteTestNG.java:77)
]]>
            </full-stacktrace>
          </exception> <!-- java.lang.NullPointerException -->
          <reporter-output>
          </reporter-output>
        </test-method> <!-- fill_data -->
        <test-method is-config="true" signature="screen(org.testng.ITestResult)[pri:0, instance:HospitalPortalFlow.new_Patient_Creation@55a147cc]" started-at="2021-04-06T19:48:09 IST" name="screen" finished-at="2021-04-06T19:48:09 IST" duration-ms="1" status="FAIL">
          <params>
            <param index="0">
              <value>
                <![CDATA[[TestResult name=fill_data status=FAILURE method=new_Patient_Creation.fill_data(java.lang.String,java.lang.String,java.lang.String,java.lang.String,java.lang.String,java.lang.String,java.lang.String,java.lang.String,java.lang.String,java.lang.String,java.lang.String,java.lang.String,java.lang.String,java.lang.String,java.lang.String,java.lang.String,java.lang.String,java.lang.String,java.lang.String,java.lang.String,java.lang.String)[pri:1, instance:HospitalPortalFlow.new_Patient_Creation@55a147cc] output={null}]]]>
              </value>
            </param>
          </params>
          <exception class="java.lang.NullPointerException">
            <full-stacktrace>
              <![CDATA[java.lang.NullPointerException
at HospitalPortalFlow.new_Patient_Creation.takeScreenshot(new_Patient_Creation.java:1185)
at HospitalPortalFlow.new_Patient_Creation.screen(new_Patient_Creation.java:1053)
at java.base/jdk.internal.reflect.NativeMethodAccessorImpl.invoke0(Native Method)
at java.base/jdk.internal.reflect.NativeMethodAccessorImpl.invoke(NativeMethodAccessorImpl.java:62)
at java.base/jdk.internal.reflect.DelegatingMethodAccessorImpl.invoke(DelegatingMethodAccessorImpl.java:43)
at java.base/java.lang.reflect.Method.invoke(Method.java:566)
at org.testng.internal.MethodInvocationHelper.invokeMethod(MethodInvocationHelper.java:133)
at org.testng.internal.MethodInvocationHelper.invokeMethodConsideringTimeout(MethodInvocationHelper.java:62)
at org.testng.internal.ConfigInvoker.invokeConfigurationMethod(ConfigInvoker.java:385)
at org.testng.internal.ConfigInvoker.invokeConfigurations(ConfigInvoker.java:321)
at org.testng.internal.TestInvoker.runConfigMethods(TestInvoker.java:700)
at org.testng.internal.TestInvoker.runAfterGroupsConfigurations(TestInvoker.java:676)
at org.testng.internal.TestInvoker.invokeMethod(TestInvoker.java:660)
at org.testng.internal.TestInvoker.invokeTestMethod(TestInvoker.java:173)
at org.testng.internal.MethodRunner.runInSequence(MethodRunner.java:46)
at org.testng.internal.TestInvoker$MethodInvocationAgent.invoke(TestInvoker.java:824)
at org.testng.internal.TestInvoker.invokeTestMethods(TestInvoker.java:146)
at org.testng.internal.TestMethodWorker.invokeTestMethods(TestMethodWorker.java:146)
at org.testng.internal.TestMethodWorker.run(TestMethodWorker.java:128)
at java.base/java.util.ArrayList.forEach(ArrayList.java:1541)
at org.testng.TestRunner.privateRun(TestRunner.java:794)
at org.testng.TestRunner.run(TestRunner.java:596)
at org.testng.SuiteRunner.runTest(SuiteRunner.java:377)
at org.testng.SuiteRunner.runSequentially(SuiteRunner.java:371)
at org.testng.SuiteRunner.privateRun(SuiteRunner.java:332)
at org.testng.SuiteRunner.run(SuiteRunner.java:276)
at org.testng.SuiteRunnerWorker.runSuite(SuiteRunnerWorker.java:53)
at org.testng.SuiteRunnerWorker.run(SuiteRunnerWorker.java:96)
at org.testng.TestNG.runSuitesSequentially(TestNG.java:1212)
at org.testng.TestNG.runSuitesLocally(TestNG.java:1134)
at org.testng.TestNG.runSuites(TestNG.java:1063)
at org.testng.TestNG.run(TestNG.java:1031)
at org.testng.remote.AbstractRemoteTestNG.run(AbstractRemoteTestNG.java:115)
at org.testng.remote.RemoteTestNG.initAndRun(RemoteTestNG.java:251)
at org.testng.remote.RemoteTestNG.main(RemoteTestNG.java:77)
]]>
            </full-stacktrace>
          </exception> <!-- java.lang.NullPointerException -->
          <reporter-output>
          </reporter-output>
        </test-method> <!-- screen -->
        <test-method signature="fill_data(java.lang.String,java.lang.String,java.lang.String,java.lang.String,java.lang.String,java.lang.String,java.lang.String,java.lang.String,java.lang.String,java.lang.String,java.lang.String,java.lang.String,java.lang.String,java.lang.String,java.lang.String,java.lang.String,java.lang.String,java.lang.String,java.lang.String,java.lang.String,java.lang.String)[pri:1, instance:HospitalPortalFlow.new_Patient_Creation@55a147cc]" started-at="2021-04-06T19:48:09 IST" name="fill_data" data-provider="datapass" finished-at="2021-04-06T19:48:09 IST" duration-ms="0" status="SKIP">
          <params>
            <param index="0">
              <value>
                <![CDATA[Opus]]>
              </value>
            </param>
            <param index="1">
              <value>
                <![CDATA[valid]]>
              </value>
            </param>
            <param index="2">
              <value>
                <![CDATA[Individual]]>
              </value>
            </param>
            <param index="3">
              <value>
                <![CDATA[OG-21-1000-8430-00000004]]>
              </value>
            </param>
            <param index="4">
              <value>
                <![CDATA[]]>
              </value>
            </param>
            <param index="5">
              <value>
                <![CDATA[]]>
              </value>
            </param>
            <param index="6">
              <value>
                <![CDATA[]]>
              </value>
            </param>
            <param index="7">
              <value>
                <![CDATA[22/03/2020 11:52 AM]]>
              </value>
            </param>
            <param index="8">
              <value>
                <![CDATA[24/04/2020]]>
              </value>
            </param>
            <param index="9">
              <value>
                <![CDATA[222]]>
              </value>
            </param>
            <param index="10">
              <value>
                <![CDATA[300]]>
              </value>
            </param>
            <param index="11">
              <value>
                <![CDATA[Fever]]>
              </value>
            </param>
            <param index="12">
              <value>
                <![CDATA[9876543210]]>
              </value>
            </param>
            <param index="13">
              <value>
                <![CDATA[9876543210]]>
              </value>
            </param>
            <param index="14">
              <value>
                <![CDATA[Test]]>
              </value>
            </param>
            <param index="15">
              <value>
                <![CDATA[Other]]>
              </value>
            </param>
            <param index="16">
              <value>
                <![CDATA[Test]]>
              </value>
            </param>
            <param index="17">
              <value>
                <![CDATA[test@berijam.com]]>
              </value>
            </param>
            <param index="18">
              <value>
                <![CDATA[image]]>
              </value>
            </param>
            <param index="19">
              <value>
                <![CDATA[Passport,Health ID card,Investigation reports,Aadhar Card,Driving Licence,PAN Card]]>
              </value>
            </param>
            <param index="20">
              <value>
                <![CDATA[image,C:\Users\Ajith\Downloads\INV-CASHLESS-21000031 (1).pdf,E:\Doc upload sample\New folder\Report Page - Field level validation sheet.xls,E:\Doc upload sample\New folder\HP4.xls,E:\Doc upload sample\New folder\Report Page - Field level validation sheet.xlsx,E:\Doc upload sample\New folder\1.sent back by qc2.jpg]]>
              </value>
            </param>
          </params>
          <exception class="java.lang.NullPointerException">
            <full-stacktrace>
              <![CDATA[java.lang.NullPointerException
at HospitalPortalFlow.new_Patient_Creation.takeScreenshot(new_Patient_Creation.java:1185)
at HospitalPortalFlow.new_Patient_Creation.screen(new_Patient_Creation.java:1053)
at java.base/jdk.internal.reflect.NativeMethodAccessorImpl.invoke0(Native Method)
at java.base/jdk.internal.reflect.NativeMethodAccessorImpl.invoke(NativeMethodAccessorImpl.java:62)
at java.base/jdk.internal.reflect.DelegatingMethodAccessorImpl.invoke(DelegatingMethodAccessorImpl.java:43)
at java.base/java.lang.reflect.Method.invoke(Method.java:566)
at org.testng.internal.MethodInvocationHelper.invokeMethod(MethodInvocationHelper.java:133)
at org.testng.internal.MethodInvocationHelper.invokeMethodConsideringTimeout(MethodInvocationHelper.java:62)
at org.testng.internal.ConfigInvoker.invokeConfigurationMethod(ConfigInvoker.java:385)
at org.testng.internal.ConfigInvoker.invokeConfigurations(ConfigInvoker.java:321)
at org.testng.internal.TestInvoker.runConfigMethods(TestInvoker.java:700)
at org.testng.internal.TestInvoker.runAfterGroupsConfigurations(TestInvoker.java:676)
at org.testng.internal.TestInvoker.invokeMethod(TestInvoker.java:660)
at org.testng.internal.TestInvoker.invokeTestMethod(TestInvoker.java:173)
at org.testng.internal.MethodRunner.runInSequence(MethodRunner.java:46)
at org.testng.internal.TestInvoker$MethodInvocationAgent.invoke(TestInvoker.java:824)
at org.testng.internal.TestInvoker.invokeTestMethods(TestInvoker.java:146)
at org.testng.internal.TestMethodWorker.invokeTestMethods(TestMethodWorker.java:146)
at org.testng.internal.TestMethodWorker.run(TestMethodWorker.java:128)
at java.base/java.util.ArrayList.forEach(ArrayList.java:1541)
at org.testng.TestRunner.privateRun(TestRunner.java:794)
at org.testng.TestRunner.run(TestRunner.java:596)
at org.testng.SuiteRunner.runTest(SuiteRunner.java:377)
at org.testng.SuiteRunner.runSequentially(SuiteRunner.java:371)
at org.testng.SuiteRunner.privateRun(SuiteRunner.java:332)
at org.testng.SuiteRunner.run(SuiteRunner.java:276)
at org.testng.SuiteRunnerWorker.runSuite(SuiteRunnerWorker.java:53)
at org.testng.SuiteRunnerWorker.run(SuiteRunnerWorker.java:96)
at org.testng.TestNG.runSuitesSequentially(TestNG.java:1212)
at org.testng.TestNG.runSuitesLocally(TestNG.java:1134)
at org.testng.TestNG.runSuites(TestNG.java:1063)
at org.testng.TestNG.run(TestNG.java:1031)
at org.testng.remote.AbstractRemoteTestNG.run(AbstractRemoteTestNG.java:115)
at org.testng.remote.RemoteTestNG.initAndRun(RemoteTestNG.java:251)
at org.testng.remote.RemoteTestNG.main(RemoteTestNG.java:77)
]]>
            </full-stacktrace>
          </exception> <!-- java.lang.NullPointerException -->
          <reporter-output>
          </reporter-output>
        </test-method> <!-- fill_data -->
        <test-method is-config="true" signature="screen(org.testng.ITestResult)[pri:0, instance:HospitalPortalFlow.new_Patient_Creation@55a147cc]" started-at="2021-04-06T19:48:09 IST" name="screen" finished-at="1970-01-01T05:30:00 IST" duration-ms="-1617718689758" status="SKIP">
          <reporter-output>
          </reporter-output>
        </test-method> <!-- screen -->
        <test-method signature="fill_data(java.lang.String,java.lang.String,java.lang.String,java.lang.String,java.lang.String,java.lang.String,java.lang.String,java.lang.String,java.lang.String,java.lang.String,java.lang.String,java.lang.String,java.lang.String,java.lang.String,java.lang.String,java.lang.String,java.lang.String,java.lang.String,java.lang.String,java.lang.String,java.lang.String)[pri:1, instance:HospitalPortalFlow.new_Patient_Creation@55a147cc]" started-at="2021-04-06T19:48:09 IST" name="fill_data" data-provider="datapass" finished-at="2021-04-06T19:48:09 IST" duration-ms="0" status="SKIP">
          <params>
            <param index="0">
              <value>
                <![CDATA[Opus]]>
              </value>
            </param>
            <param index="1">
              <value>
                <![CDATA[valid]]>
              </value>
            </param>
            <param index="2">
              <value>
                <![CDATA[Group]]>
              </value>
            </param>
            <param index="3">
              <value>
                <![CDATA[OG-20-1113-8403-00000208]]>
              </value>
            </param>
            <param index="4">
              <value>
                <![CDATA[CLOVER INFOTECH PVT LTD]]>
              </value>
            </param>
            <param index="5">
              <value>
                <![CDATA[2]]>
              </value>
            </param>
            <param index="6">
              <value>
                <![CDATA[]]>
              </value>
            </param>
            <param index="7">
              <value>
                <![CDATA[21/03/2020 5:15 PM]]>
              </value>
            </param>
            <param index="8">
              <value>
                <![CDATA[27/03/2020]]>
              </value>
            </param>
            <param index="9">
              <value>
                <![CDATA[1001]]>
              </value>
            </param>
            <param index="10">
              <value>
                <![CDATA[800]]>
              </value>
            </param>
            <param index="11">
              <value>
                <![CDATA[Heart Disease]]>
              </value>
            </param>
            <param index="12">
              <value>
                <![CDATA[9876543217]]>
              </value>
            </param>
            <param index="13">
              <value>
                <![CDATA[9876043210]]>
              </value>
            </param>
            <param index="14">
              <value>
                <![CDATA[Maha]]>
              </value>
            </param>
            <param index="15">
              <value>
                <![CDATA[SR Ward Suite, 410,411,510,511]]>
              </value>
            </param>
            <param index="16">
              <value>
                <![CDATA[]]>
              </value>
            </param>
            <param index="17">
              <value>
                <![CDATA[testr@berijam.com]]>
              </value>
            </param>
            <param index="18">
              <value>
                <![CDATA[C:\Users\Ajith\Documents\Notes\feb 4.txt]]>
              </value>
            </param>
            <param index="19">
              <value>
                <![CDATA[Passport,Health ID card,Investigation reports,Aadhar Card,Driving Licence,PAN Card]]>
              </value>
            </param>
            <param index="20">
              <value>
                <![CDATA[C:\Users\Ajith\Documents\Notes\feb 4.txt,C:\Users\Ajith\Downloads\INV-CASHLESS-21000031 (1).pdf,E:\Doc upload sample\New folder\Report Page - Field level validation sheet.xls,E:\Doc upload sample\New folder\HP4.xls,E:\Doc upload sample\New folder\Report Page - Field level validation sheet.xlsx,E:\Doc upload sample\New folder\1.sent back by qc2.jpg]]>
              </value>
            </param>
          </params>
          <exception class="java.lang.NullPointerException">
            <full-stacktrace>
              <![CDATA[java.lang.NullPointerException
at HospitalPortalFlow.new_Patient_Creation.takeScreenshot(new_Patient_Creation.java:1185)
at HospitalPortalFlow.new_Patient_Creation.screen(new_Patient_Creation.java:1053)
at java.base/jdk.internal.reflect.NativeMethodAccessorImpl.invoke0(Native Method)
at java.base/jdk.internal.reflect.NativeMethodAccessorImpl.invoke(NativeMethodAccessorImpl.java:62)
at java.base/jdk.internal.reflect.DelegatingMethodAccessorImpl.invoke(DelegatingMethodAccessorImpl.java:43)
at java.base/java.lang.reflect.Method.invoke(Method.java:566)
at org.testng.internal.MethodInvocationHelper.invokeMethod(MethodInvocationHelper.java:133)
at org.testng.internal.MethodInvocationHelper.invokeMethodConsideringTimeout(MethodInvocationHelper.java:62)
at org.testng.internal.ConfigInvoker.invokeConfigurationMethod(ConfigInvoker.java:385)
at org.testng.internal.ConfigInvoker.invokeConfigurations(ConfigInvoker.java:321)
at org.testng.internal.TestInvoker.runConfigMethods(TestInvoker.java:700)
at org.testng.internal.TestInvoker.runAfterGroupsConfigurations(TestInvoker.java:676)
at org.testng.internal.TestInvoker.invokeMethod(TestInvoker.java:660)
at org.testng.internal.TestInvoker.invokeTestMethod(TestInvoker.java:173)
at org.testng.internal.MethodRunner.runInSequence(MethodRunner.java:46)
at org.testng.internal.TestInvoker$MethodInvocationAgent.invoke(TestInvoker.java:824)
at org.testng.internal.TestInvoker.invokeTestMethods(TestInvoker.java:146)
at org.testng.internal.TestMethodWorker.invokeTestMethods(TestMethodWorker.java:146)
at org.testng.internal.TestMethodWorker.run(TestMethodWorker.java:128)
at java.base/java.util.ArrayList.forEach(ArrayList.java:1541)
at org.testng.TestRunner.privateRun(TestRunner.java:794)
at org.testng.TestRunner.run(TestRunner.java:596)
at org.testng.SuiteRunner.runTest(SuiteRunner.java:377)
at org.testng.SuiteRunner.runSequentially(SuiteRunner.java:371)
at org.testng.SuiteRunner.privateRun(SuiteRunner.java:332)
at org.testng.SuiteRunner.run(SuiteRunner.java:276)
at org.testng.SuiteRunnerWorker.runSuite(SuiteRunnerWorker.java:53)
at org.testng.SuiteRunnerWorker.run(SuiteRunnerWorker.java:96)
at org.testng.TestNG.runSuitesSequentially(TestNG.java:1212)
at org.testng.TestNG.runSuitesLocally(TestNG.java:1134)
at org.testng.TestNG.runSuites(TestNG.java:1063)
at org.testng.TestNG.run(TestNG.java:1031)
at org.testng.remote.AbstractRemoteTestNG.run(AbstractRemoteTestNG.java:115)
at org.testng.remote.RemoteTestNG.initAndRun(RemoteTestNG.java:251)
at org.testng.remote.RemoteTestNG.main(RemoteTestNG.java:77)
]]>
            </full-stacktrace>
          </exception> <!-- java.lang.NullPointerException -->
          <reporter-output>
          </reporter-output>
        </test-method> <!-- fill_data -->
        <test-method is-config="true" signature="screen(org.testng.ITestResult)[pri:0, instance:HospitalPortalFlow.new_Patient_Creation@55a147cc]" started-at="2021-04-06T19:48:09 IST" name="screen" finished-at="1970-01-01T05:30:00 IST" duration-ms="-1617718689774" status="SKIP">
          <reporter-output>
          </reporter-output>
        </test-method> <!-- screen -->
        <test-method signature="fill_data(java.lang.String,java.lang.String,java.lang.String,java.lang.String,java.lang.String,java.lang.String,java.lang.String,java.lang.String,java.lang.String,java.lang.String,java.lang.String,java.lang.String,java.lang.String,java.lang.String,java.lang.String,java.lang.String,java.lang.String,java.lang.String,java.lang.String,java.lang.String,java.lang.String)[pri:1, instance:HospitalPortalFlow.new_Patient_Creation@55a147cc]" started-at="2021-04-06T19:48:09 IST" name="fill_data" data-provider="datapass" finished-at="2021-04-06T19:48:09 IST" duration-ms="0" status="SKIP">
          <params>
            <param index="0">
              <value>
                <![CDATA[]]>
              </value>
            </param>
            <param index="1">
              <value>
                <![CDATA[Invalid1]]>
              </value>
            </param>
            <param index="2">
              <value>
                <![CDATA[]]>
              </value>
            </param>
            <param index="3">
              <value>
                <![CDATA[]]>
              </value>
            </param>
            <param index="4">
              <value>
                <![CDATA[]]>
              </value>
            </param>
            <param index="5">
              <value>
                <![CDATA[]]>
              </value>
            </param>
            <param index="6">
              <value>
                <![CDATA[GMC-21111330177-114905B]]>
              </value>
            </param>
            <param index="7">
              <value>
                <![CDATA[21/03/2020 5:15 PM]]>
              </value>
            </param>
            <param index="8">
              <value>
                <![CDATA[27/03/2020]]>
              </value>
            </param>
            <param index="9">
              <value>
                <![CDATA[1001]]>
              </value>
            </param>
            <param index="10">
              <value>
                <![CDATA[800]]>
              </value>
            </param>
            <param index="11">
              <value>
                <![CDATA[Heart Disease]]>
              </value>
            </param>
            <param index="12">
              <value>
                <![CDATA[9876543217]]>
              </value>
            </param>
            <param index="13">
              <value>
                <![CDATA[9876043210]]>
              </value>
            </param>
            <param index="14">
              <value>
                <![CDATA[Maha]]>
              </value>
            </param>
            <param index="15">
              <value>
                <![CDATA[SR Ward Suite, 410,411,510,511]]>
              </value>
            </param>
            <param index="16">
              <value>
                <![CDATA[]]>
              </value>
            </param>
            <param index="17">
              <value>
                <![CDATA[testr@berijam.com]]>
              </value>
            </param>
            <param index="18">
              <value>
                <![CDATA[C:\Users\Ajith\Documents\Notes\feb 4.txt]]>
              </value>
            </param>
            <param index="19">
              <value>
                <![CDATA[Passport,Health ID card,Investigation reports,Aadhar Card,Driving Licence,PAN Card]]>
              </value>
            </param>
            <param index="20">
              <value>
                <![CDATA[C:\Users\Ajith\Documents\Notes\feb 4.txt,image,C:\Users\Ajith\Downloads\INV-CASHLESS-21000031 (1).pdf,E:\Doc upload sample\New folder\Report Page - Field level validation sheet.xls,E:\Doc upload sample\New folder\HP4.xls,E:\Doc upload sample\New folder\1.sent back by qc2.jpg]]>
              </value>
            </param>
          </params>
          <exception class="java.lang.NullPointerException">
            <full-stacktrace>
              <![CDATA[java.lang.NullPointerException
at HospitalPortalFlow.new_Patient_Creation.takeScreenshot(new_Patient_Creation.java:1185)
at HospitalPortalFlow.new_Patient_Creation.screen(new_Patient_Creation.java:1053)
at java.base/jdk.internal.reflect.NativeMethodAccessorImpl.invoke0(Native Method)
at java.base/jdk.internal.reflect.NativeMethodAccessorImpl.invoke(NativeMethodAccessorImpl.java:62)
at java.base/jdk.internal.reflect.DelegatingMethodAccessorImpl.invoke(DelegatingMethodAccessorImpl.java:43)
at java.base/java.lang.reflect.Method.invoke(Method.java:566)
at org.testng.internal.MethodInvocationHelper.invokeMethod(MethodInvocationHelper.java:133)
at org.testng.internal.MethodInvocationHelper.invokeMethodConsideringTimeout(MethodInvocationHelper.java:62)
at org.testng.internal.ConfigInvoker.invokeConfigurationMethod(ConfigInvoker.java:385)
at org.testng.internal.ConfigInvoker.invokeConfigurations(ConfigInvoker.java:321)
at org.testng.internal.TestInvoker.runConfigMethods(TestInvoker.java:700)
at org.testng.internal.TestInvoker.runAfterGroupsConfigurations(TestInvoker.java:676)
at org.testng.internal.TestInvoker.invokeMethod(TestInvoker.java:660)
at org.testng.internal.TestInvoker.invokeTestMethod(TestInvoker.java:173)
at org.testng.internal.MethodRunner.runInSequence(MethodRunner.java:46)
at org.testng.internal.TestInvoker$MethodInvocationAgent.invoke(TestInvoker.java:824)
at org.testng.internal.TestInvoker.invokeTestMethods(TestInvoker.java:146)
at org.testng.internal.TestMethodWorker.invokeTestMethods(TestMethodWorker.java:146)
at org.testng.internal.TestMethodWorker.run(TestMethodWorker.java:128)
at java.base/java.util.ArrayList.forEach(ArrayList.java:1541)
at org.testng.TestRunner.privateRun(TestRunner.java:794)
at org.testng.TestRunner.run(TestRunner.java:596)
at org.testng.SuiteRunner.runTest(SuiteRunner.java:377)
at org.testng.SuiteRunner.runSequentially(SuiteRunner.java:371)
at org.testng.SuiteRunner.privateRun(SuiteRunner.java:332)
at org.testng.SuiteRunner.run(SuiteRunner.java:276)
at org.testng.SuiteRunnerWorker.runSuite(SuiteRunnerWorker.java:53)
at org.testng.SuiteRunnerWorker.run(SuiteRunnerWorker.java:96)
at org.testng.TestNG.runSuitesSequentially(TestNG.java:1212)
at org.testng.TestNG.runSuitesLocally(TestNG.java:1134)
at org.testng.TestNG.runSuites(TestNG.java:1063)
at org.testng.TestNG.run(TestNG.java:1031)
at org.testng.remote.AbstractRemoteTestNG.run(AbstractRemoteTestNG.java:115)
at org.testng.remote.RemoteTestNG.initAndRun(RemoteTestNG.java:251)
at org.testng.remote.RemoteTestNG.main(RemoteTestNG.java:77)
]]>
            </full-stacktrace>
          </exception> <!-- java.lang.NullPointerException -->
          <reporter-output>
          </reporter-output>
        </test-method> <!-- fill_data -->
        <test-method is-config="true" signature="screen(org.testng.ITestResult)[pri:0, instance:HospitalPortalFlow.new_Patient_Creation@55a147cc]" started-at="2021-04-06T19:48:09 IST" name="screen" finished-at="1970-01-01T05:30:00 IST" duration-ms="-1617718689781" status="SKIP">
          <reporter-output>
          </reporter-output>
        </test-method> <!-- screen -->
        <test-method signature="fill_data(java.lang.String,java.lang.String,java.lang.String,java.lang.String,java.lang.String,java.lang.String,java.lang.String,java.lang.String,java.lang.String,java.lang.String,java.lang.String,java.lang.String,java.lang.String,java.lang.String,java.lang.String,java.lang.String,java.lang.String,java.lang.String,java.lang.String,java.lang.String,java.lang.String)[pri:1, instance:HospitalPortalFlow.new_Patient_Creation@55a147cc]" started-at="2021-04-06T19:48:09 IST" name="fill_data" data-provider="datapass" finished-at="2021-04-06T19:48:09 IST" duration-ms="0" status="SKIP">
          <params>
            <param index="0">
              <value>
                <![CDATA[]]>
              </value>
            </param>
            <param index="1">
              <value>
                <![CDATA[Invalid2]]>
              </value>
            </param>
            <param index="2">
              <value>
                <![CDATA[]]>
              </value>
            </param>
            <param index="3">
              <value>
                <![CDATA[]]>
              </value>
            </param>
            <param index="4">
              <value>
                <![CDATA[]]>
              </value>
            </param>
            <param index="5">
              <value>
                <![CDATA[]]>
              </value>
            </param>
            <param index="6">
              <value>
                <![CDATA[GMC-21111330177-114905B]]>
              </value>
            </param>
            <param index="7">
              <value>
                <![CDATA[21/03/2020 5:15 PM]]>
              </value>
            </param>
            <param index="8">
              <value>
                <![CDATA[27/03/2020]]>
              </value>
            </param>
            <param index="9">
              <value>
                <![CDATA[1001]]>
              </value>
            </param>
            <param index="10">
              <value>
                <![CDATA[800]]>
              </value>
            </param>
            <param index="11">
              <value>
                <![CDATA[Heart Disease]]>
              </value>
            </param>
            <param index="12">
              <value>
                <![CDATA[9876543217]]>
              </value>
            </param>
            <param index="13">
              <value>
                <![CDATA[9876043210]]>
              </value>
            </param>
            <param index="14">
              <value>
                <![CDATA[Maha]]>
              </value>
            </param>
            <param index="15">
              <value>
                <![CDATA[SR Ward Suite, 410,411,510,511]]>
              </value>
            </param>
            <param index="16">
              <value>
                <![CDATA[]]>
              </value>
            </param>
            <param index="17">
              <value>
                <![CDATA[testr@berijam.com]]>
              </value>
            </param>
            <param index="18">
              <value>
                <![CDATA[C:\Users\Ajith\Documents\Notes\feb 4.txt]]>
              </value>
            </param>
            <param index="19">
              <value>
                <![CDATA[Passport,Health ID card,Investigation reports,Aadhar Card,Driving Licence,PAN Card]]>
              </value>
            </param>
            <param index="20">
              <value>
                <![CDATA[C:\Users\Ajith\Documents\Notes\feb 4.txt,image,C:\Users\Ajith\Downloads\INV-CASHLESS-21000031 (1).pdf,E:\Doc upload sample\New folder\Report Page - Field level validation sheet.xls,E:\Doc upload sample\New folder\HP4.xls,E:\Doc upload sample\New folder\1.sent back by qc2.jpg]]>
              </value>
            </param>
          </params>
          <exception class="java.lang.NullPointerException">
            <full-stacktrace>
              <![CDATA[java.lang.NullPointerException
at HospitalPortalFlow.new_Patient_Creation.takeScreenshot(new_Patient_Creation.java:1185)
at HospitalPortalFlow.new_Patient_Creation.screen(new_Patient_Creation.java:1053)
at java.base/jdk.internal.reflect.NativeMethodAccessorImpl.invoke0(Native Method)
at java.base/jdk.internal.reflect.NativeMethodAccessorImpl.invoke(NativeMethodAccessorImpl.java:62)
at java.base/jdk.internal.reflect.DelegatingMethodAccessorImpl.invoke(DelegatingMethodAccessorImpl.java:43)
at java.base/java.lang.reflect.Method.invoke(Method.java:566)
at org.testng.internal.MethodInvocationHelper.invokeMethod(MethodInvocationHelper.java:133)
at org.testng.internal.MethodInvocationHelper.invokeMethodConsideringTimeout(MethodInvocationHelper.java:62)
at org.testng.internal.ConfigInvoker.invokeConfigurationMethod(ConfigInvoker.java:385)
at org.testng.internal.ConfigInvoker.invokeConfigurations(ConfigInvoker.java:321)
at org.testng.internal.TestInvoker.runConfigMethods(TestInvoker.java:700)
at org.testng.internal.TestInvoker.runAfterGroupsConfigurations(TestInvoker.java:676)
at org.testng.internal.TestInvoker.invokeMethod(TestInvoker.java:660)
at org.testng.internal.TestInvoker.invokeTestMethod(TestInvoker.java:173)
at org.testng.internal.MethodRunner.runInSequence(MethodRunner.java:46)
at org.testng.internal.TestInvoker$MethodInvocationAgent.invoke(TestInvoker.java:824)
at org.testng.internal.TestInvoker.invokeTestMethods(TestInvoker.java:146)
at org.testng.internal.TestMethodWorker.invokeTestMethods(TestMethodWorker.java:146)
at org.testng.internal.TestMethodWorker.run(TestMethodWorker.java:128)
at java.base/java.util.ArrayList.forEach(ArrayList.java:1541)
at org.testng.TestRunner.privateRun(TestRunner.java:794)
at org.testng.TestRunner.run(TestRunner.java:596)
at org.testng.SuiteRunner.runTest(SuiteRunner.java:377)
at org.testng.SuiteRunner.runSequentially(SuiteRunner.java:371)
at org.testng.SuiteRunner.privateRun(SuiteRunner.java:332)
at org.testng.SuiteRunner.run(SuiteRunner.java:276)
at org.testng.SuiteRunnerWorker.runSuite(SuiteRunnerWorker.java:53)
at org.testng.SuiteRunnerWorker.run(SuiteRunnerWorker.java:96)
at org.testng.TestNG.runSuitesSequentially(TestNG.java:1212)
at org.testng.TestNG.runSuitesLocally(TestNG.java:1134)
at org.testng.TestNG.runSuites(TestNG.java:1063)
at org.testng.TestNG.run(TestNG.java:1031)
at org.testng.remote.AbstractRemoteTestNG.run(AbstractRemoteTestNG.java:115)
at org.testng.remote.RemoteTestNG.initAndRun(RemoteTestNG.java:251)
at org.testng.remote.RemoteTestNG.main(RemoteTestNG.java:77)
]]>
            </full-stacktrace>
          </exception> <!-- java.lang.NullPointerException -->
          <reporter-output>
          </reporter-output>
        </test-method> <!-- fill_data -->
        <test-method is-config="true" signature="screen(org.testng.ITestResult)[pri:0, instance:HospitalPortalFlow.new_Patient_Creation@55a147cc]" started-at="2021-04-06T19:48:09 IST" name="screen" finished-at="1970-01-01T05:30:00 IST" duration-ms="-1617718689789" status="SKIP">
          <reporter-output>
          </reporter-output>
        </test-method> <!-- screen -->
        <test-method signature="fill_data(java.lang.String,java.lang.String,java.lang.String,java.lang.String,java.lang.String,java.lang.String,java.lang.String,java.lang.String,java.lang.String,java.lang.String,java.lang.String,java.lang.String,java.lang.String,java.lang.String,java.lang.String,java.lang.String,java.lang.String,java.lang.String,java.lang.String,java.lang.String,java.lang.String)[pri:1, instance:HospitalPortalFlow.new_Patient_Creation@55a147cc]" started-at="2021-04-06T19:48:09 IST" name="fill_data" data-provider="datapass" finished-at="2021-04-06T19:48:09 IST" duration-ms="0" status="SKIP">
          <params>
            <param index="0">
              <value>
                <![CDATA[]]>
              </value>
            </param>
            <param index="1">
              <value>
                <![CDATA[Invalid3]]>
              </value>
            </param>
            <param index="2">
              <value>
                <![CDATA[]]>
              </value>
            </param>
            <param index="3">
              <value>
                <![CDATA[]]>
              </value>
            </param>
            <param index="4">
              <value>
                <![CDATA[]]>
              </value>
            </param>
            <param index="5">
              <value>
                <![CDATA[]]>
              </value>
            </param>
            <param index="6">
              <value>
                <![CDATA[GMC-21111330177-114905B]]>
              </value>
            </param>
            <param index="7">
              <value>
                <![CDATA[21/03/2020 5:15 PM]]>
              </value>
            </param>
            <param index="8">
              <value>
                <![CDATA[27/03/2020]]>
              </value>
            </param>
            <param index="9">
              <value>
                <![CDATA[1001]]>
              </value>
            </param>
            <param index="10">
              <value>
                <![CDATA[800]]>
              </value>
            </param>
            <param index="11">
              <value>
                <![CDATA[Heart Disease]]>
              </value>
            </param>
            <param index="12">
              <value>
                <![CDATA[9876543217]]>
              </value>
            </param>
            <param index="13">
              <value>
                <![CDATA[9876043210]]>
              </value>
            </param>
            <param index="14">
              <value>
                <![CDATA[Maha]]>
              </value>
            </param>
            <param index="15">
              <value>
                <![CDATA[SR Ward Suite, 410,411,510,511]]>
              </value>
            </param>
            <param index="16">
              <value>
                <![CDATA[]]>
              </value>
            </param>
            <param index="17">
              <value>
                <![CDATA[testr@berijam.com]]>
              </value>
            </param>
            <param index="18">
              <value>
                <![CDATA[C:\Users\Ajith\Documents\Notes\feb 4.txt]]>
              </value>
            </param>
            <param index="19">
              <value>
                <![CDATA[Passport,Health ID card,Investigation reports,Aadhar Card,Driving Licence,PAN Card]]>
              </value>
            </param>
            <param index="20">
              <value>
                <![CDATA[C:\Users\Ajith\Documents\Notes\feb 4.txt,image,C:\Users\Ajith\Downloads\INV-CASHLESS-21000031 (1).pdf,E:\Doc upload sample\New folder\Report Page - Field level validation sheet.xls,E:\Doc upload sample\New folder\HP4.xls,E:\Doc upload sample\New folder\1.sent back by qc2.jpg]]>
              </value>
            </param>
          </params>
          <exception class="java.lang.NullPointerException">
            <full-stacktrace>
              <![CDATA[java.lang.NullPointerException
at HospitalPortalFlow.new_Patient_Creation.takeScreenshot(new_Patient_Creation.java:1185)
at HospitalPortalFlow.new_Patient_Creation.screen(new_Patient_Creation.java:1053)
at java.base/jdk.internal.reflect.NativeMethodAccessorImpl.invoke0(Native Method)
at java.base/jdk.internal.reflect.NativeMethodAccessorImpl.invoke(NativeMethodAccessorImpl.java:62)
at java.base/jdk.internal.reflect.DelegatingMethodAccessorImpl.invoke(DelegatingMethodAccessorImpl.java:43)
at java.base/java.lang.reflect.Method.invoke(Method.java:566)
at org.testng.internal.MethodInvocationHelper.invokeMethod(MethodInvocationHelper.java:133)
at org.testng.internal.MethodInvocationHelper.invokeMethodConsideringTimeout(MethodInvocationHelper.java:62)
at org.testng.internal.ConfigInvoker.invokeConfigurationMethod(ConfigInvoker.java:385)
at org.testng.internal.ConfigInvoker.invokeConfigurations(ConfigInvoker.java:321)
at org.testng.internal.TestInvoker.runConfigMethods(TestInvoker.java:700)
at org.testng.internal.TestInvoker.runAfterGroupsConfigurations(TestInvoker.java:676)
at org.testng.internal.TestInvoker.invokeMethod(TestInvoker.java:660)
at org.testng.internal.TestInvoker.invokeTestMethod(TestInvoker.java:173)
at org.testng.internal.MethodRunner.runInSequence(MethodRunner.java:46)
at org.testng.internal.TestInvoker$MethodInvocationAgent.invoke(TestInvoker.java:824)
at org.testng.internal.TestInvoker.invokeTestMethods(TestInvoker.java:146)
at org.testng.internal.TestMethodWorker.invokeTestMethods(TestMethodWorker.java:146)
at org.testng.internal.TestMethodWorker.run(TestMethodWorker.java:128)
at java.base/java.util.ArrayList.forEach(ArrayList.java:1541)
at org.testng.TestRunner.privateRun(TestRunner.java:794)
at org.testng.TestRunner.run(TestRunner.java:596)
at org.testng.SuiteRunner.runTest(SuiteRunner.java:377)
at org.testng.SuiteRunner.runSequentially(SuiteRunner.java:371)
at org.testng.SuiteRunner.privateRun(SuiteRunner.java:332)
at org.testng.SuiteRunner.run(SuiteRunner.java:276)
at org.testng.SuiteRunnerWorker.runSuite(SuiteRunnerWorker.java:53)
at org.testng.SuiteRunnerWorker.run(SuiteRunnerWorker.java:96)
at org.testng.TestNG.runSuitesSequentially(TestNG.java:1212)
at org.testng.TestNG.runSuitesLocally(TestNG.java:1134)
at org.testng.TestNG.runSuites(TestNG.java:1063)
at org.testng.TestNG.run(TestNG.java:1031)
at org.testng.remote.AbstractRemoteTestNG.run(AbstractRemoteTestNG.java:115)
at org.testng.remote.RemoteTestNG.initAndRun(RemoteTestNG.java:251)
at org.testng.remote.RemoteTestNG.main(RemoteTestNG.java:77)
]]>
            </full-stacktrace>
          </exception> <!-- java.lang.NullPointerException -->
          <reporter-output>
          </reporter-output>
        </test-method> <!-- fill_data -->
        <test-method is-config="true" signature="screen(org.testng.ITestResult)[pri:0, instance:HospitalPortalFlow.new_Patient_Creation@55a147cc]" started-at="2021-04-06T19:48:09 IST" name="screen" finished-at="1970-01-01T05:30:00 IST" duration-ms="-1617718689796" status="SKIP">
          <reporter-output>
          </reporter-output>
        </test-method> <!-- screen -->
        <test-method signature="fill_data(java.lang.String,java.lang.String,java.lang.String,java.lang.String,java.lang.String,java.lang.String,java.lang.String,java.lang.String,java.lang.String,java.lang.String,java.lang.String,java.lang.String,java.lang.String,java.lang.String,java.lang.String,java.lang.String,java.lang.String,java.lang.String,java.lang.String,java.lang.String,java.lang.String)[pri:1, instance:HospitalPortalFlow.new_Patient_Creation@55a147cc]" started-at="2021-04-06T19:48:09 IST" name="fill_data" data-provider="datapass" finished-at="2021-04-06T19:48:09 IST" duration-ms="0" status="SKIP">
          <params>
            <param index="0">
              <value>
                <![CDATA[]]>
              </value>
            </param>
            <param index="1">
              <value>
                <![CDATA[Invalid4]]>
              </value>
            </param>
            <param index="2">
              <value>
                <![CDATA[]]>
              </value>
            </param>
            <param index="3">
              <value>
                <![CDATA[]]>
              </value>
            </param>
            <param index="4">
              <value>
                <![CDATA[]]>
              </value>
            </param>
            <param index="5">
              <value>
                <![CDATA[]]>
              </value>
            </param>
            <param index="6">
              <value>
                <![CDATA[GMC-21111330177-114905B]]>
              </value>
            </param>
            <param index="7">
              <value>
                <![CDATA[21/03/2020 5:15 PM]]>
              </value>
            </param>
            <param index="8">
              <value>
                <![CDATA[27/03/2020]]>
              </value>
            </param>
            <param index="9">
              <value>
                <![CDATA[1001]]>
              </value>
            </param>
            <param index="10">
              <value>
                <![CDATA[800]]>
              </value>
            </param>
            <param index="11">
              <value>
                <![CDATA[Heart Disease]]>
              </value>
            </param>
            <param index="12">
              <value>
                <![CDATA[9876543217]]>
              </value>
            </param>
            <param index="13">
              <value>
                <![CDATA[9876043210]]>
              </value>
            </param>
            <param index="14">
              <value>
                <![CDATA[Maha]]>
              </value>
            </param>
            <param index="15">
              <value>
                <![CDATA[SR Ward Suite, 410,411,510,511]]>
              </value>
            </param>
            <param index="16">
              <value>
                <![CDATA[]]>
              </value>
            </param>
            <param index="17">
              <value>
                <![CDATA[testr@berijam.com]]>
              </value>
            </param>
            <param index="18">
              <value>
                <![CDATA[C:\Users\Ajith\Documents\Notes\feb 4.txt]]>
              </value>
            </param>
            <param index="19">
              <value>
                <![CDATA[Passport,Health ID card,Investigation reports,Aadhar Card,Driving Licence,PAN Card]]>
              </value>
            </param>
            <param index="20">
              <value>
                <![CDATA[C:\Users\Ajith\Documents\Notes\feb 4.txt,image,C:\Users\Ajith\Downloads\INV-CASHLESS-21000031 (1).pdf,E:\Doc upload sample\New folder\Report Page - Field level validation sheet.xls,E:\Doc upload sample\New folder\HP4.xls,E:\Doc upload sample\New folder\1.sent back by qc2.jpg]]>
              </value>
            </param>
          </params>
          <exception class="java.lang.NullPointerException">
            <full-stacktrace>
              <![CDATA[java.lang.NullPointerException
at HospitalPortalFlow.new_Patient_Creation.takeScreenshot(new_Patient_Creation.java:1185)
at HospitalPortalFlow.new_Patient_Creation.screen(new_Patient_Creation.java:1053)
at java.base/jdk.internal.reflect.NativeMethodAccessorImpl.invoke0(Native Method)
at java.base/jdk.internal.reflect.NativeMethodAccessorImpl.invoke(NativeMethodAccessorImpl.java:62)
at java.base/jdk.internal.reflect.DelegatingMethodAccessorImpl.invoke(DelegatingMethodAccessorImpl.java:43)
at java.base/java.lang.reflect.Method.invoke(Method.java:566)
at org.testng.internal.MethodInvocationHelper.invokeMethod(MethodInvocationHelper.java:133)
at org.testng.internal.MethodInvocationHelper.invokeMethodConsideringTimeout(MethodInvocationHelper.java:62)
at org.testng.internal.ConfigInvoker.invokeConfigurationMethod(ConfigInvoker.java:385)
at org.testng.internal.ConfigInvoker.invokeConfigurations(ConfigInvoker.java:321)
at org.testng.internal.TestInvoker.runConfigMethods(TestInvoker.java:700)
at org.testng.internal.TestInvoker.runAfterGroupsConfigurations(TestInvoker.java:676)
at org.testng.internal.TestInvoker.invokeMethod(TestInvoker.java:660)
at org.testng.internal.TestInvoker.invokeTestMethod(TestInvoker.java:173)
at org.testng.internal.MethodRunner.runInSequence(MethodRunner.java:46)
at org.testng.internal.TestInvoker$MethodInvocationAgent.invoke(TestInvoker.java:824)
at org.testng.internal.TestInvoker.invokeTestMethods(TestInvoker.java:146)
at org.testng.internal.TestMethodWorker.invokeTestMethods(TestMethodWorker.java:146)
at org.testng.internal.TestMethodWorker.run(TestMethodWorker.java:128)
at java.base/java.util.ArrayList.forEach(ArrayList.java:1541)
at org.testng.TestRunner.privateRun(TestRunner.java:794)
at org.testng.TestRunner.run(TestRunner.java:596)
at org.testng.SuiteRunner.runTest(SuiteRunner.java:377)
at org.testng.SuiteRunner.runSequentially(SuiteRunner.java:371)
at org.testng.SuiteRunner.privateRun(SuiteRunner.java:332)
at org.testng.SuiteRunner.run(SuiteRunner.java:276)
at org.testng.SuiteRunnerWorker.runSuite(SuiteRunnerWorker.java:53)
at org.testng.SuiteRunnerWorker.run(SuiteRunnerWorker.java:96)
at org.testng.TestNG.runSuitesSequentially(TestNG.java:1212)
at org.testng.TestNG.runSuitesLocally(TestNG.java:1134)
at org.testng.TestNG.runSuites(TestNG.java:1063)
at org.testng.TestNG.run(TestNG.java:1031)
at org.testng.remote.AbstractRemoteTestNG.run(AbstractRemoteTestNG.java:115)
at org.testng.remote.RemoteTestNG.initAndRun(RemoteTestNG.java:251)
at org.testng.remote.RemoteTestNG.main(RemoteTestNG.java:77)
]]>
            </full-stacktrace>
          </exception> <!-- java.lang.NullPointerException -->
          <reporter-output>
          </reporter-output>
        </test-method> <!-- fill_data -->
        <test-method is-config="true" signature="screen(org.testng.ITestResult)[pri:0, instance:HospitalPortalFlow.new_Patient_Creation@55a147cc]" started-at="2021-04-06T19:48:09 IST" name="screen" finished-at="1970-01-01T05:30:00 IST" duration-ms="-1617718689810" status="SKIP">
          <reporter-output>
          </reporter-output>
        </test-method> <!-- screen -->
        <test-method is-config="true" signature="close()[pri:0, instance:HospitalPortalFlow.new_Patient_Creation@55a147cc]" started-at="2021-04-06T19:48:09 IST" name="close" finished-at="1970-01-01T05:30:00 IST" duration-ms="-1617718689987" status="SKIP">
          <reporter-output>
          </reporter-output>
        </test-method> <!-- close -->
      </class> <!-- HospitalPortalFlow.new_Patient_Creation -->
      <class name="HospitalPortalFlow.Cashless_Approved">
        <test-method is-config="true" signature="extentrep()[pri:0, instance:HospitalPortalFlow.Cashless_Approved@71ba6d4e]" started-at="2021-04-06T19:47:55 IST" name="extentrep" finished-at="2021-04-06T19:47:55 IST" duration-ms="166" status="PASS">
          <reporter-output>
          </reporter-output>
        </test-method> <!-- extentrep -->
        <test-method signature="reply(java.lang.String,java.lang.String,java.lang.String,java.lang.String,java.lang.String,java.lang.String,java.lang.String,java.lang.String,java.lang.String,java.lang.String,java.lang.String,java.lang.String,java.lang.String,java.lang.String,java.lang.String,java.lang.String,java.lang.String,java.lang.String)[pri:0, instance:HospitalPortalFlow.Cashless_Approved@71ba6d4e]" started-at="2021-04-06T19:48:09 IST" name="reply" data-provider="datapass" finished-at="2021-04-06T19:48:09 IST" duration-ms="2" status="FAIL">
          <params>
            <param index="0">
              <value>
                <![CDATA[Maximus]]>
              </value>
            </param>
            <param index="1">
              <value>
                <![CDATA[OC-21-1002-8407-00000048]]>
              </value>
            </param>
            <param index="2">
              <value>
                <![CDATA[Final]]>
              </value>
            </param>
            <param index="3">
              <value>
                <![CDATA[]]>
              </value>
            </param>
            <param index="4">
              <value>
                <![CDATA[]]>
              </value>
            </param>
            <param index="5">
              <value>
                <![CDATA[]]>
              </value>
            </param>
            <param index="6">
              <value>
                <![CDATA[]]>
              </value>
            </param>
            <param index="7">
              <value>
                <![CDATA[]]>
              </value>
            </param>
            <param index="8">
              <value>
                <![CDATA[]]>
              </value>
            </param>
            <param index="9">
              <value>
                <![CDATA[]]>
              </value>
            </param>
            <param index="10">
              <value>
                <![CDATA[]]>
              </value>
            </param>
            <param index="11">
              <value>
                <![CDATA[]]>
              </value>
            </param>
            <param index="12">
              <value>
                <![CDATA[2500]]>
              </value>
            </param>
            <param index="13">
              <value>
                <![CDATA[Discharge Summary,DAMA or LAMA Summary,Death Summary,Day Care Summary]]>
              </value>
            </param>
            <param index="14">
              <value>
                <![CDATA[image, E:\Doc upload sample\New folder\Report Page - Field level validation sheet.xls,C:\Users\Ajith\Documents\HP_Status change.xlsx, E:\Doc upload sample\New folder\Report Page - Field level validation sheet.xls]]>
              </value>
            </param>
            <param index="15">
              <value>
                <![CDATA[C:\Users\Ajith\Documents\HP_Status change.xlsx]]>
              </value>
            </param>
            <param index="16">
              <value>
                <![CDATA[Other,Indoor Case paper,Investigation reports,Death Summary 2,Day care summary 2,Final Bill 2,Discharge Summary 2,DAMA or LAMA Summary 2]]>
              </value>
            </param>
            <param index="17">
              <value>
                <![CDATA[image, E:\Doc upload sample\New folder\Report Page - Field level validation sheet.xls,C:\Users\Ajith\Documents\HP_Status change.xlsx, E:\Doc upload sample\New folder\Report Page - Field level validation sheet.xls,C:\Users\Ajith\Documents\HP_Status change.xlsx, E:\Doc upload sample\New folder\Report Page - Field level validation sheet.xls,C:\Users\Ajith\Documents\HP_Status change.xlsx, E:\Doc upload sample\New folder\Report Page - Field level validation sheet.xls]]>
              </value>
            </param>
          </params>
          <exception class="java.lang.NullPointerException">
            <full-stacktrace>
              <![CDATA[java.lang.NullPointerException
at HospitalPortalFlow.Cashless_Approved.reply(Cashless_Approved.java:156)
at java.base/jdk.internal.reflect.NativeMethodAccessorImpl.invoke0(Native Method)
at java.base/jdk.internal.reflect.NativeMethodAccessorImpl.invoke(NativeMethodAccessorImpl.java:62)
at java.base/jdk.internal.reflect.DelegatingMethodAccessorImpl.invoke(DelegatingMethodAccessorImpl.java:43)
at java.base/java.lang.reflect.Method.invoke(Method.java:566)
at org.testng.internal.MethodInvocationHelper.invokeMethod(MethodInvocationHelper.java:133)
at org.testng.internal.TestInvoker.invokeMethod(TestInvoker.java:598)
at org.testng.internal.TestInvoker.invokeTestMethod(TestInvoker.java:173)
at org.testng.internal.MethodRunner.runInSequence(MethodRunner.java:46)
at org.testng.internal.TestInvoker$MethodInvocationAgent.invoke(TestInvoker.java:824)
at org.testng.internal.TestInvoker.invokeTestMethods(TestInvoker.java:146)
at org.testng.internal.TestMethodWorker.invokeTestMethods(TestMethodWorker.java:146)
at org.testng.internal.TestMethodWorker.run(TestMethodWorker.java:128)
at java.base/java.util.ArrayList.forEach(ArrayList.java:1541)
at org.testng.TestRunner.privateRun(TestRunner.java:794)
at org.testng.TestRunner.run(TestRunner.java:596)
at org.testng.SuiteRunner.runTest(SuiteRunner.java:377)
at org.testng.SuiteRunner.runSequentially(SuiteRunner.java:371)
at org.testng.SuiteRunner.privateRun(SuiteRunner.java:332)
at org.testng.SuiteRunner.run(SuiteRunner.java:276)
at org.testng.SuiteRunnerWorker.runSuite(SuiteRunnerWorker.java:53)
at org.testng.SuiteRunnerWorker.run(SuiteRunnerWorker.java:96)
at org.testng.TestNG.runSuitesSequentially(TestNG.java:1212)
at org.testng.TestNG.runSuitesLocally(TestNG.java:1134)
at org.testng.TestNG.runSuites(TestNG.java:1063)
at org.testng.TestNG.run(TestNG.java:1031)
at org.testng.remote.AbstractRemoteTestNG.run(AbstractRemoteTestNG.java:115)
at org.testng.remote.RemoteTestNG.initAndRun(RemoteTestNG.java:251)
at org.testng.remote.RemoteTestNG.main(RemoteTestNG.java:77)
]]>
            </full-stacktrace>
          </exception> <!-- java.lang.NullPointerException -->
          <reporter-output>
          </reporter-output>
        </test-method> <!-- reply -->
        <test-method is-config="true" signature="screen(org.testng.ITestResult)[pri:0, instance:HospitalPortalFlow.Cashless_Approved@71ba6d4e]" started-at="2021-04-06T19:48:09 IST" name="screen" finished-at="2021-04-06T19:48:09 IST" duration-ms="1" status="FAIL">
          <params>
            <param index="0">
              <value>
                <![CDATA[[TestResult name=reply status=FAILURE method=Cashless_Approved.reply(java.lang.String,java.lang.String,java.lang.String,java.lang.String,java.lang.String,java.lang.String,java.lang.String,java.lang.String,java.lang.String,java.lang.String,java.lang.String,java.lang.String,java.lang.String,java.lang.String,java.lang.String,java.lang.String,java.lang.String,java.lang.String)[pri:0, instance:HospitalPortalFlow.Cashless_Approved@71ba6d4e] output={null}]]]>
              </value>
            </param>
          </params>
          <exception class="java.lang.NullPointerException">
            <full-stacktrace>
              <![CDATA[java.lang.NullPointerException
at HospitalPortalFlow.Common.takeScreenshot(Common.java:126)
at HospitalPortalFlow.Cashless_Approved.screen(Cashless_Approved.java:1134)
at java.base/jdk.internal.reflect.NativeMethodAccessorImpl.invoke0(Native Method)
at java.base/jdk.internal.reflect.NativeMethodAccessorImpl.invoke(NativeMethodAccessorImpl.java:62)
at java.base/jdk.internal.reflect.DelegatingMethodAccessorImpl.invoke(DelegatingMethodAccessorImpl.java:43)
at java.base/java.lang.reflect.Method.invoke(Method.java:566)
at org.testng.internal.MethodInvocationHelper.invokeMethod(MethodInvocationHelper.java:133)
at org.testng.internal.MethodInvocationHelper.invokeMethodConsideringTimeout(MethodInvocationHelper.java:62)
at org.testng.internal.ConfigInvoker.invokeConfigurationMethod(ConfigInvoker.java:385)
at org.testng.internal.ConfigInvoker.invokeConfigurations(ConfigInvoker.java:321)
at org.testng.internal.TestInvoker.runConfigMethods(TestInvoker.java:700)
at org.testng.internal.TestInvoker.runAfterGroupsConfigurations(TestInvoker.java:676)
at org.testng.internal.TestInvoker.invokeMethod(TestInvoker.java:660)
at org.testng.internal.TestInvoker.invokeTestMethod(TestInvoker.java:173)
at org.testng.internal.MethodRunner.runInSequence(MethodRunner.java:46)
at org.testng.internal.TestInvoker$MethodInvocationAgent.invoke(TestInvoker.java:824)
at org.testng.internal.TestInvoker.invokeTestMethods(TestInvoker.java:146)
at org.testng.internal.TestMethodWorker.invokeTestMethods(TestMethodWorker.java:146)
at org.testng.internal.TestMethodWorker.run(TestMethodWorker.java:128)
at java.base/java.util.ArrayList.forEach(ArrayList.java:1541)
at org.testng.TestRunner.privateRun(TestRunner.java:794)
at org.testng.TestRunner.run(TestRunner.java:596)
at org.testng.SuiteRunner.runTest(SuiteRunner.java:377)
at org.testng.SuiteRunner.runSequentially(SuiteRunner.java:371)
at org.testng.SuiteRunner.privateRun(SuiteRunner.java:332)
at org.testng.SuiteRunner.run(SuiteRunner.java:276)
at org.testng.SuiteRunnerWorker.runSuite(SuiteRunnerWorker.java:53)
at org.testng.SuiteRunnerWorker.run(SuiteRunnerWorker.java:96)
at org.testng.TestNG.runSuitesSequentially(TestNG.java:1212)
at org.testng.TestNG.runSuitesLocally(TestNG.java:1134)
at org.testng.TestNG.runSuites(TestNG.java:1063)
at org.testng.TestNG.run(TestNG.java:1031)
at org.testng.remote.AbstractRemoteTestNG.run(AbstractRemoteTestNG.java:115)
at org.testng.remote.RemoteTestNG.initAndRun(RemoteTestNG.java:251)
at org.testng.remote.RemoteTestNG.main(RemoteTestNG.java:77)
]]>
            </full-stacktrace>
          </exception> <!-- java.lang.NullPointerException -->
          <reporter-output>
          </reporter-output>
        </test-method> <!-- screen -->
        <test-method signature="reply(java.lang.String,java.lang.String,java.lang.String,java.lang.String,java.lang.String,java.lang.String,java.lang.String,java.lang.String,java.lang.String,java.lang.String,java.lang.String,java.lang.String,java.lang.String,java.lang.String,java.lang.String,java.lang.String,java.lang.String,java.lang.String)[pri:0, instance:HospitalPortalFlow.Cashless_Approved@71ba6d4e]" started-at="2021-04-06T19:48:09 IST" name="reply" data-provider="datapass" finished-at="2021-04-06T19:48:09 IST" duration-ms="0" status="SKIP">
          <params>
            <param index="0">
              <value>
                <![CDATA[Opus]]>
              </value>
            </param>
            <param index="1">
              <value>
                <![CDATA[OC-21-1002-8407-00000049]]>
              </value>
            </param>
            <param index="2">
              <value>
                <![CDATA[Interim]]>
              </value>
            </param>
            <param index="3">
              <value>
                <![CDATA[6000]]>
              </value>
            </param>
            <param index="4">
              <value>
                <![CDATA[Document]]>
              </value>
            </param>
            <param index="5">
              <value>
                <![CDATA[E:\Doc upload sample\New folder\Report Page - Field level validation sheet.xlsx]]>
              </value>
            </param>
            <param index="6">
              <value>
                <![CDATA[image]]>
              </value>
            </param>
            <param index="7">
              <value>
                <![CDATA[]]>
              </value>
            </param>
            <param index="8">
              <value>
                <![CDATA[image]]>
              </value>
            </param>
            <param index="9">
              <value>
                <![CDATA[E:\Doc upload sample\New folder\Report Page - Field level validation sheet.xlsx]]>
              </value>
            </param>
            <param index="10">
              <value>
                <![CDATA[Document]]>
              </value>
            </param>
            <param index="11">
              <value>
                <![CDATA[E:\Doc upload sample\New folder\Report Page - Field level validation sheet.xlsx]]>
              </value>
            </param>
            <param index="12">
              <value>
                <![CDATA[]]>
              </value>
            </param>
            <param index="13">
              <value>
                <![CDATA[]]>
              </value>
            </param>
            <param index="14">
              <value>
                <![CDATA[]]>
              </value>
            </param>
            <param index="15">
              <value>
                <![CDATA[]]>
              </value>
            </param>
            <param index="16">
              <value>
                <![CDATA[]]>
              </value>
            </param>
            <param index="17">
              <value>
                <![CDATA[]]>
              </value>
            </param>
          </params>
          <exception class="java.lang.NullPointerException">
            <full-stacktrace>
              <![CDATA[java.lang.NullPointerException
at HospitalPortalFlow.Common.takeScreenshot(Common.java:126)
at HospitalPortalFlow.Cashless_Approved.screen(Cashless_Approved.java:1134)
at java.base/jdk.internal.reflect.NativeMethodAccessorImpl.invoke0(Native Method)
at java.base/jdk.internal.reflect.NativeMethodAccessorImpl.invoke(NativeMethodAccessorImpl.java:62)
at java.base/jdk.internal.reflect.DelegatingMethodAccessorImpl.invoke(DelegatingMethodAccessorImpl.java:43)
at java.base/java.lang.reflect.Method.invoke(Method.java:566)
at org.testng.internal.MethodInvocationHelper.invokeMethod(MethodInvocationHelper.java:133)
at org.testng.internal.MethodInvocationHelper.invokeMethodConsideringTimeout(MethodInvocationHelper.java:62)
at org.testng.internal.ConfigInvoker.invokeConfigurationMethod(ConfigInvoker.java:385)
at org.testng.internal.ConfigInvoker.invokeConfigurations(ConfigInvoker.java:321)
at org.testng.internal.TestInvoker.runConfigMethods(TestInvoker.java:700)
at org.testng.internal.TestInvoker.runAfterGroupsConfigurations(TestInvoker.java:676)
at org.testng.internal.TestInvoker.invokeMethod(TestInvoker.java:660)
at org.testng.internal.TestInvoker.invokeTestMethod(TestInvoker.java:173)
at org.testng.internal.MethodRunner.runInSequence(MethodRunner.java:46)
at org.testng.internal.TestInvoker$MethodInvocationAgent.invoke(TestInvoker.java:824)
at org.testng.internal.TestInvoker.invokeTestMethods(TestInvoker.java:146)
at org.testng.internal.TestMethodWorker.invokeTestMethods(TestMethodWorker.java:146)
at org.testng.internal.TestMethodWorker.run(TestMethodWorker.java:128)
at java.base/java.util.ArrayList.forEach(ArrayList.java:1541)
at org.testng.TestRunner.privateRun(TestRunner.java:794)
at org.testng.TestRunner.run(TestRunner.java:596)
at org.testng.SuiteRunner.runTest(SuiteRunner.java:377)
at org.testng.SuiteRunner.runSequentially(SuiteRunner.java:371)
at org.testng.SuiteRunner.privateRun(SuiteRunner.java:332)
at org.testng.SuiteRunner.run(SuiteRunner.java:276)
at org.testng.SuiteRunnerWorker.runSuite(SuiteRunnerWorker.java:53)
at org.testng.SuiteRunnerWorker.run(SuiteRunnerWorker.java:96)
at org.testng.TestNG.runSuitesSequentially(TestNG.java:1212)
at org.testng.TestNG.runSuitesLocally(TestNG.java:1134)
at org.testng.TestNG.runSuites(TestNG.java:1063)
at org.testng.TestNG.run(TestNG.java:1031)
at org.testng.remote.AbstractRemoteTestNG.run(AbstractRemoteTestNG.java:115)
at org.testng.remote.RemoteTestNG.initAndRun(RemoteTestNG.java:251)
at org.testng.remote.RemoteTestNG.main(RemoteTestNG.java:77)
]]>
            </full-stacktrace>
          </exception> <!-- java.lang.NullPointerException -->
          <reporter-output>
          </reporter-output>
        </test-method> <!-- reply -->
        <test-method is-config="true" signature="screen(org.testng.ITestResult)[pri:0, instance:HospitalPortalFlow.Cashless_Approved@71ba6d4e]" started-at="2021-04-06T19:48:09 IST" name="screen" finished-at="1970-01-01T05:30:00 IST" duration-ms="-1617718689908" status="SKIP">
          <reporter-output>
          </reporter-output>
        </test-method> <!-- screen -->
        <test-method is-config="true" signature="close()[pri:0, instance:HospitalPortalFlow.Cashless_Approved@71ba6d4e]" started-at="2021-04-06T19:48:09 IST" name="close" finished-at="1970-01-01T05:30:00 IST" duration-ms="-1617718689979" status="SKIP">
          <reporter-output>
          </reporter-output>
        </test-method> <!-- close -->
      </class> <!-- HospitalPortalFlow.Cashless_Approved -->
      <class name="HospitalPortalFlow.Query">
        <test-method is-config="true" signature="extentrep()[pri:0, instance:HospitalPortalFlow.Query@6c1a5b54]" started-at="2021-04-06T19:47:55 IST" name="extentrep" finished-at="2021-04-06T19:47:55 IST" duration-ms="1" status="PASS">
          <reporter-output>
          </reporter-output>
        </test-method> <!-- extentrep -->
        <test-method is-config="true" signature="launch()[pri:0, instance:HospitalPortalFlow.Query@6c1a5b54]" started-at="2021-04-06T19:47:55 IST" name="launch" finished-at="2021-04-06T19:48:06 IST" duration-ms="10550" status="PASS">
          <reporter-output>
          </reporter-output>
        </test-method> <!-- launch -->
        <test-method signature="reply(java.lang.String,java.lang.String,java.lang.String,java.lang.String,java.lang.String,java.lang.String,java.lang.String,java.lang.String,java.lang.String,java.lang.String,java.lang.String,java.lang.String,java.lang.String,java.lang.String,java.lang.String,java.lang.String,java.lang.String,java.lang.String,java.lang.String,java.lang.String,java.lang.String,java.lang.String,java.lang.String,java.lang.String,java.lang.String,java.lang.String,java.lang.String,java.lang.String,java.lang.String,java.lang.String)[pri:0, instance:HospitalPortalFlow.Query@6c1a5b54]" started-at="2021-04-06T19:48:06 IST" name="reply" data-provider="datapass" finished-at="2021-04-06T19:48:06 IST" duration-ms="6" status="FAIL">
          <params>
            <param index="0">
              <value>
                <![CDATA[Maximus]]>
              </value>
            </param>
            <param index="1">
              <value>
                <![CDATA[200014328P]]>
              </value>
            </param>
            <param index="2">
              <value>
                <![CDATA[Kindly provide Confirm final diagnosis from treating doctor with Investigation reports to support the diagnosis.]]>
              </value>
            </param>
            <param index="3">
              <value>
                <![CDATA[Image]]>
              </value>
            </param>
            <param index="4">
              <value>
                <![CDATA[]]>
              </value>
            </param>
            <param index="5">
              <value>
                <![CDATA[Yes]]>
              </value>
            </param>
            <param index="6">
              <value>
                <![CDATA[Kindly provide Confirm final diagnosis from treating doctor with Investigation reports to support the diagnosis.]]>
              </value>
            </param>
            <param index="7">
              <value>
                <![CDATA[Document]]>
              </value>
            </param>
            <param index="8">
              <value>
                <![CDATA[E:\Doc upload sample\Supported_format\New folder\Report Page - Field level validation sheet.xlsx]]>
              </value>
            </param>
            <param index="9">
              <value>
                <![CDATA[Yes]]>
              </value>
            </param>
            <param index="10">
              <value>
                <![CDATA[Kindly provide Confirm final diagnosis from treating doctor with Investigation reports to support the diagnosis.]]>
              </value>
            </param>
            <param index="11">
              <value>
                <![CDATA[]]>
              </value>
            </param>
            <param index="12">
              <value>
                <![CDATA[]]>
              </value>
            </param>
            <param index="13">
              <value>
                <![CDATA[No]]>
              </value>
            </param>
            <param index="14">
              <value>
                <![CDATA[Kindly provide Confirm final diagnosis from treating doctor with Investigation reports to support the diagnosis.]]>
              </value>
            </param>
            <param index="15">
              <value>
                <![CDATA[]]>
              </value>
            </param>
            <param index="16">
              <value>
                <![CDATA[]]>
              </value>
            </param>
            <param index="17">
              <value>
                <![CDATA[No]]>
              </value>
            </param>
            <param index="18">
              <value>
                <![CDATA[Kindly provide Confirm final diagnosis from treating doctor with Investigation reports to support the diagnosis.]]>
              </value>
            </param>
            <param index="19">
              <value>
                <![CDATA[]]>
              </value>
            </param>
            <param index="20">
              <value>
                <![CDATA[]]>
              </value>
            </param>
            <param index="21">
              <value>
                <![CDATA[No]]>
              </value>
            </param>
            <param index="22">
              <value>
                <![CDATA[Kindly provide Confirm final diagnosis from treating doctor with Investigation reports to support the diagnosis.]]>
              </value>
            </param>
            <param index="23">
              <value>
                <![CDATA[Image]]>
              </value>
            </param>
            <param index="24">
              <value>
                <![CDATA[]]>
              </value>
            </param>
            <param index="25">
              <value>
                <![CDATA[No]]>
              </value>
            </param>
            <param index="26">
              <value>
                <![CDATA[Kindly provide Confirm final diagnosis from treating doctor with Investigation reports to support the diagnosis.]]>
              </value>
            </param>
            <param index="27">
              <value>
                <![CDATA[Image]]>
              </value>
            </param>
            <param index="28">
              <value>
                <![CDATA[]]>
              </value>
            </param>
            <param index="29">
              <value>
                <![CDATA[No]]>
              </value>
            </param>
          </params>
          <exception class="java.lang.NullPointerException">
            <full-stacktrace>
              <![CDATA[java.lang.NullPointerException
at HospitalPortalFlow.Query.reply(Query.java:163)
at java.base/jdk.internal.reflect.NativeMethodAccessorImpl.invoke0(Native Method)
at java.base/jdk.internal.reflect.NativeMethodAccessorImpl.invoke(NativeMethodAccessorImpl.java:62)
at java.base/jdk.internal.reflect.DelegatingMethodAccessorImpl.invoke(DelegatingMethodAccessorImpl.java:43)
at java.base/java.lang.reflect.Method.invoke(Method.java:566)
at org.testng.internal.MethodInvocationHelper.invokeMethod(MethodInvocationHelper.java:133)
at org.testng.internal.TestInvoker.invokeMethod(TestInvoker.java:598)
at org.testng.internal.TestInvoker.invokeTestMethod(TestInvoker.java:173)
at org.testng.internal.MethodRunner.runInSequence(MethodRunner.java:46)
at org.testng.internal.TestInvoker$MethodInvocationAgent.invoke(TestInvoker.java:824)
at org.testng.internal.TestInvoker.invokeTestMethods(TestInvoker.java:146)
at org.testng.internal.TestMethodWorker.invokeTestMethods(TestMethodWorker.java:146)
at org.testng.internal.TestMethodWorker.run(TestMethodWorker.java:128)
at java.base/java.util.ArrayList.forEach(ArrayList.java:1541)
at org.testng.TestRunner.privateRun(TestRunner.java:794)
at org.testng.TestRunner.run(TestRunner.java:596)
at org.testng.SuiteRunner.runTest(SuiteRunner.java:377)
at org.testng.SuiteRunner.runSequentially(SuiteRunner.java:371)
at org.testng.SuiteRunner.privateRun(SuiteRunner.java:332)
at org.testng.SuiteRunner.run(SuiteRunner.java:276)
at org.testng.SuiteRunnerWorker.runSuite(SuiteRunnerWorker.java:53)
at org.testng.SuiteRunnerWorker.run(SuiteRunnerWorker.java:96)
at org.testng.TestNG.runSuitesSequentially(TestNG.java:1212)
at org.testng.TestNG.runSuitesLocally(TestNG.java:1134)
at org.testng.TestNG.runSuites(TestNG.java:1063)
at org.testng.TestNG.run(TestNG.java:1031)
at org.testng.remote.AbstractRemoteTestNG.run(AbstractRemoteTestNG.java:115)
at org.testng.remote.RemoteTestNG.initAndRun(RemoteTestNG.java:251)
at org.testng.remote.RemoteTestNG.main(RemoteTestNG.java:77)
]]>
            </full-stacktrace>
          </exception> <!-- java.lang.NullPointerException -->
          <reporter-output>
          </reporter-output>
        </test-method> <!-- reply -->
        <test-method is-config="true" signature="screen(org.testng.ITestResult)[pri:0, instance:HospitalPortalFlow.Query@6c1a5b54]" started-at="2021-04-06T19:48:06 IST" name="screen" finished-at="2021-04-06T19:48:06 IST" duration-ms="10" status="FAIL">
          <params>
            <param index="0">
              <value>
                <![CDATA[[TestResult name=reply status=FAILURE method=Query.reply(java.lang.String,java.lang.String,java.lang.String,java.lang.String,java.lang.String,java.lang.String,java.lang.String,java.lang.String,java.lang.String,java.lang.String,java.lang.String,java.lang.String,java.lang.String,java.lang.String,java.lang.String,java.lang.String,java.lang.String,java.lang.String,java.lang.String,java.lang.String,java.lang.String,java.lang.String,java.lang.String,java.lang.String,java.lang.String,java.lang.String,java.lang.String,java.lang.String,java.lang.String,java.lang.String)[pri:0, instance:HospitalPortalFlow.Query@6c1a5b54] output={null}]]]>
              </value>
            </param>
          </params>
          <exception class="java.lang.NullPointerException">
            <full-stacktrace>
              <![CDATA[java.lang.NullPointerException
at HospitalPortalFlow.Common.takeScreenshot(Common.java:126)
at HospitalPortalFlow.Query.screen(Query.java:518)
at java.base/jdk.internal.reflect.NativeMethodAccessorImpl.invoke0(Native Method)
at java.base/jdk.internal.reflect.NativeMethodAccessorImpl.invoke(NativeMethodAccessorImpl.java:62)
at java.base/jdk.internal.reflect.DelegatingMethodAccessorImpl.invoke(DelegatingMethodAccessorImpl.java:43)
at java.base/java.lang.reflect.Method.invoke(Method.java:566)
at org.testng.internal.MethodInvocationHelper.invokeMethod(MethodInvocationHelper.java:133)
at org.testng.internal.MethodInvocationHelper.invokeMethodConsideringTimeout(MethodInvocationHelper.java:62)
at org.testng.internal.ConfigInvoker.invokeConfigurationMethod(ConfigInvoker.java:385)
at org.testng.internal.ConfigInvoker.invokeConfigurations(ConfigInvoker.java:321)
at org.testng.internal.TestInvoker.runConfigMethods(TestInvoker.java:700)
at org.testng.internal.TestInvoker.runAfterGroupsConfigurations(TestInvoker.java:676)
at org.testng.internal.TestInvoker.invokeMethod(TestInvoker.java:660)
at org.testng.internal.TestInvoker.invokeTestMethod(TestInvoker.java:173)
at org.testng.internal.MethodRunner.runInSequence(MethodRunner.java:46)
at org.testng.internal.TestInvoker$MethodInvocationAgent.invoke(TestInvoker.java:824)
at org.testng.internal.TestInvoker.invokeTestMethods(TestInvoker.java:146)
at org.testng.internal.TestMethodWorker.invokeTestMethods(TestMethodWorker.java:146)
at org.testng.internal.TestMethodWorker.run(TestMethodWorker.java:128)
at java.base/java.util.ArrayList.forEach(ArrayList.java:1541)
at org.testng.TestRunner.privateRun(TestRunner.java:794)
at org.testng.TestRunner.run(TestRunner.java:596)
at org.testng.SuiteRunner.runTest(SuiteRunner.java:377)
at org.testng.SuiteRunner.runSequentially(SuiteRunner.java:371)
at org.testng.SuiteRunner.privateRun(SuiteRunner.java:332)
at org.testng.SuiteRunner.run(SuiteRunner.java:276)
at org.testng.SuiteRunnerWorker.runSuite(SuiteRunnerWorker.java:53)
at org.testng.SuiteRunnerWorker.run(SuiteRunnerWorker.java:96)
at org.testng.TestNG.runSuitesSequentially(TestNG.java:1212)
at org.testng.TestNG.runSuitesLocally(TestNG.java:1134)
at org.testng.TestNG.runSuites(TestNG.java:1063)
at org.testng.TestNG.run(TestNG.java:1031)
at org.testng.remote.AbstractRemoteTestNG.run(AbstractRemoteTestNG.java:115)
at org.testng.remote.RemoteTestNG.initAndRun(RemoteTestNG.java:251)
at org.testng.remote.RemoteTestNG.main(RemoteTestNG.java:77)
]]>
            </full-stacktrace>
          </exception> <!-- java.lang.NullPointerException -->
          <reporter-output>
          </reporter-output>
        </test-method> <!-- screen -->
        <test-method signature="reply(java.lang.String,java.lang.String,java.lang.String,java.lang.String,java.lang.String,java.lang.String,java.lang.String,java.lang.String,java.lang.String,java.lang.String,java.lang.String,java.lang.String,java.lang.String,java.lang.String,java.lang.String,java.lang.String,java.lang.String,java.lang.String,java.lang.String,java.lang.String,java.lang.String,java.lang.String,java.lang.String,java.lang.String,java.lang.String,java.lang.String,java.lang.String,java.lang.String,java.lang.String,java.lang.String)[pri:0, instance:HospitalPortalFlow.Query@6c1a5b54]" started-at="2021-04-06T19:48:06 IST" name="reply" data-provider="datapass" finished-at="2021-04-06T19:48:06 IST" duration-ms="0" status="SKIP">
          <params>
            <param index="0">
              <value>
                <![CDATA[Opus]]>
              </value>
            </param>
            <param index="1">
              <value>
                <![CDATA[210000237P]]>
              </value>
            </param>
            <param index="2">
              <value>
                <![CDATA[Kindly provide Confirm final diagnosis from treating doctor with Investigation reports to support the diagnosis.]]>
              </value>
            </param>
            <param index="3">
              <value>
                <![CDATA[Document]]>
              </value>
            </param>
            <param index="4">
              <value>
                <![CDATA[E:\Doc upload sample\Supported_format\New folder\Report Page - Field level validation sheet.xlsx]]>
              </value>
            </param>
            <param index="5">
              <value>
                <![CDATA[Yes]]>
              </value>
            </param>
            <param index="6">
              <value>
                <![CDATA[Kindly provide Confirm final diagnosis from treating doctor with Investigation reports to support the diagnosis.]]>
              </value>
            </param>
            <param index="7">
              <value>
                <![CDATA[Document]]>
              </value>
            </param>
            <param index="8">
              <value>
                <![CDATA[E:\Doc upload sample\Supported_format\New folder\Report Page - Field level validation sheet.xlsx]]>
              </value>
            </param>
            <param index="9">
              <value>
                <![CDATA[Yes]]>
              </value>
            </param>
            <param index="10">
              <value>
                <![CDATA[Kindly provide Confirm final diagnosis from treating doctor with Investigation reports to support the diagnosis.]]>
              </value>
            </param>
            <param index="11">
              <value>
                <![CDATA[]]>
              </value>
            </param>
            <param index="12">
              <value>
                <![CDATA[]]>
              </value>
            </param>
            <param index="13">
              <value>
                <![CDATA[No]]>
              </value>
            </param>
            <param index="14">
              <value>
                <![CDATA[Kindly provide Confirm final diagnosis from treating doctor with Investigation reports to support the diagnosis.]]>
              </value>
            </param>
            <param index="15">
              <value>
                <![CDATA[]]>
              </value>
            </param>
            <param index="16">
              <value>
                <![CDATA[]]>
              </value>
            </param>
            <param index="17">
              <value>
                <![CDATA[No]]>
              </value>
            </param>
            <param index="18">
              <value>
                <![CDATA[Kindly provide Confirm final diagnosis from treating doctor with Investigation reports to support the diagnosis.]]>
              </value>
            </param>
            <param index="19">
              <value>
                <![CDATA[]]>
              </value>
            </param>
            <param index="20">
              <value>
                <![CDATA[]]>
              </value>
            </param>
            <param index="21">
              <value>
                <![CDATA[No]]>
              </value>
            </param>
            <param index="22">
              <value>
                <![CDATA[Kindly provide Confirm final diagnosis from treating doctor with Investigation reports to support the diagnosis.]]>
              </value>
            </param>
            <param index="23">
              <value>
                <![CDATA[Image]]>
              </value>
            </param>
            <param index="24">
              <value>
                <![CDATA[]]>
              </value>
            </param>
            <param index="25">
              <value>
                <![CDATA[No]]>
              </value>
            </param>
            <param index="26">
              <value>
                <![CDATA[Kindly provide Confirm final diagnosis from treating doctor with Investigation reports to support the diagnosis.]]>
              </value>
            </param>
            <param index="27">
              <value>
                <![CDATA[Image]]>
              </value>
            </param>
            <param index="28">
              <value>
                <![CDATA[]]>
              </value>
            </param>
            <param index="29">
              <value>
                <![CDATA[Yes]]>
              </value>
            </param>
          </params>
          <exception class="java.lang.NullPointerException">
            <full-stacktrace>
              <![CDATA[java.lang.NullPointerException
at HospitalPortalFlow.Common.takeScreenshot(Common.java:126)
at HospitalPortalFlow.Query.screen(Query.java:518)
at java.base/jdk.internal.reflect.NativeMethodAccessorImpl.invoke0(Native Method)
at java.base/jdk.internal.reflect.NativeMethodAccessorImpl.invoke(NativeMethodAccessorImpl.java:62)
at java.base/jdk.internal.reflect.DelegatingMethodAccessorImpl.invoke(DelegatingMethodAccessorImpl.java:43)
at java.base/java.lang.reflect.Method.invoke(Method.java:566)
at org.testng.internal.MethodInvocationHelper.invokeMethod(MethodInvocationHelper.java:133)
at org.testng.internal.MethodInvocationHelper.invokeMethodConsideringTimeout(MethodInvocationHelper.java:62)
at org.testng.internal.ConfigInvoker.invokeConfigurationMethod(ConfigInvoker.java:385)
at org.testng.internal.ConfigInvoker.invokeConfigurations(ConfigInvoker.java:321)
at org.testng.internal.TestInvoker.runConfigMethods(TestInvoker.java:700)
at org.testng.internal.TestInvoker.runAfterGroupsConfigurations(TestInvoker.java:676)
at org.testng.internal.TestInvoker.invokeMethod(TestInvoker.java:660)
at org.testng.internal.TestInvoker.invokeTestMethod(TestInvoker.java:173)
at org.testng.internal.MethodRunner.runInSequence(MethodRunner.java:46)
at org.testng.internal.TestInvoker$MethodInvocationAgent.invoke(TestInvoker.java:824)
at org.testng.internal.TestInvoker.invokeTestMethods(TestInvoker.java:146)
at org.testng.internal.TestMethodWorker.invokeTestMethods(TestMethodWorker.java:146)
at org.testng.internal.TestMethodWorker.run(TestMethodWorker.java:128)
at java.base/java.util.ArrayList.forEach(ArrayList.java:1541)
at org.testng.TestRunner.privateRun(TestRunner.java:794)
at org.testng.TestRunner.run(TestRunner.java:596)
at org.testng.SuiteRunner.runTest(SuiteRunner.java:377)
at org.testng.SuiteRunner.runSequentially(SuiteRunner.java:371)
at org.testng.SuiteRunner.privateRun(SuiteRunner.java:332)
at org.testng.SuiteRunner.run(SuiteRunner.java:276)
at org.testng.SuiteRunnerWorker.runSuite(SuiteRunnerWorker.java:53)
at org.testng.SuiteRunnerWorker.run(SuiteRunnerWorker.java:96)
at org.testng.TestNG.runSuitesSequentially(TestNG.java:1212)
at org.testng.TestNG.runSuitesLocally(TestNG.java:1134)
at org.testng.TestNG.runSuites(TestNG.java:1063)
at org.testng.TestNG.run(TestNG.java:1031)
at org.testng.remote.AbstractRemoteTestNG.run(AbstractRemoteTestNG.java:115)
at org.testng.remote.RemoteTestNG.initAndRun(RemoteTestNG.java:251)
at org.testng.remote.RemoteTestNG.main(RemoteTestNG.java:77)
]]>
            </full-stacktrace>
          </exception> <!-- java.lang.NullPointerException -->
          <reporter-output>
          </reporter-output>
        </test-method> <!-- reply -->
        <test-method is-config="true" signature="screen(org.testng.ITestResult)[pri:0, instance:HospitalPortalFlow.Query@6c1a5b54]" started-at="2021-04-06T19:48:06 IST" name="screen" finished-at="1970-01-01T05:30:00 IST" duration-ms="-1617718686621" status="SKIP">
          <reporter-output>
          </reporter-output>
        </test-method> <!-- screen -->
        <test-method is-config="true" signature="close()[pri:0, instance:HospitalPortalFlow.Query@6c1a5b54]" started-at="2021-04-06T19:48:09 IST" name="close" finished-at="1970-01-01T05:30:00 IST" duration-ms="-1617718689984" status="SKIP">
          <reporter-output>
          </reporter-output>
        </test-method> <!-- close -->
      </class> <!-- HospitalPortalFlow.Query -->
    </test> <!-- Test -->
  </suite> <!-- Suite -->
</testng-results>
